2017-07-16 18:21:35,337::INFO::[sabnzbdplus:1158] --------------------------------
2017-07-16 18:21:35,337::INFO::[sabnzbdplus:1159] sabnzbdplus-2.1.0 (rev=443efb5eda00e165e7d0459824989a6300ec458c)
2017-07-16 18:21:35,338::INFO::[sabnzbdplus:1160] Full executable path = /usr/bin/sabnzbdplus
2017-07-16 18:21:35,338::INFO::[sabnzbdplus:1172] Platform = posix
2017-07-16 18:21:35,338::INFO::[sabnzbdplus:1173] Python-version = 2.7.12 (default, Nov 19 2016, 06:48:10) 
[GCC 5.4.0 20160609]
2017-07-16 18:21:35,338::INFO::[sabnzbdplus:1174] Arguments = /usr/bin/sabnzbdplus --config-file /config --server 0.0.0.0:8080
2017-07-16 18:21:35,338::INFO::[sabnzbdplus:1179] Preferred encoding = UTF-8
2017-07-16 18:21:35,338::INFO::[sabnzbdplus:1220] Read INI file /config/sabnzbd.ini
2017-07-16 18:21:35,339::INFO::[misc:497] download_dir directory: /config/Downloads/incomplete does not exist, try to create it
2017-07-16 18:21:35,340::INFO::[__init__:989] Loading data for queue9.sab from /config/admin/queue9.sab
2017-07-16 18:21:35,340::INFO::[__init__:992] /config/admin/queue9.sab missing
2017-07-16 18:21:35,340::INFO::[__init__:989] Loading data for queue8.sab from /config/admin/queue8.sab
2017-07-16 18:21:35,340::INFO::[__init__:992] /config/admin/queue8.sab missing
2017-07-16 18:21:35,340::INFO::[__init__:989] Loading data for queue7.sab from /config/admin/queue7.sab
2017-07-16 18:21:35,340::INFO::[__init__:992] /config/admin/queue7.sab missing
2017-07-16 18:21:35,341::INFO::[__init__:989] Loading data for rss_data.sab from /config/admin/rss_data.sab
2017-07-16 18:21:35,341::INFO::[__init__:992] /config/admin/rss_data.sab missing
2017-07-16 18:21:35,341::INFO::[__init__:989] Loading data for totals10.sab from /config/admin/totals10.sab
2017-07-16 18:21:35,341::INFO::[__init__:992] /config/admin/totals10.sab missing
2017-07-16 18:21:35,341::INFO::[__init__:989] Loading data for totals9.sab from /config/admin/totals9.sab
2017-07-16 18:21:35,341::INFO::[__init__:992] /config/admin/totals9.sab missing
2017-07-16 18:21:35,374::INFO::[postproc:95] Loading postproc queue
2017-07-16 18:21:35,374::INFO::[__init__:989] Loading data for postproc2.sab from /config/admin/postproc2.sab
2017-07-16 18:21:35,375::INFO::[__init__:992] /config/admin/postproc2.sab missing
2017-07-16 18:21:35,375::INFO::[__init__:989] Loading data for queue10.sab from /config/admin/queue10.sab
2017-07-16 18:21:35,375::INFO::[__init__:992] /config/admin/queue10.sab missing
2017-07-16 18:21:35,375::INFO::[__init__:989] Loading data for queue9.sab from /config/admin/queue9.sab
2017-07-16 18:21:35,375::INFO::[__init__:992] /config/admin/queue9.sab missing
2017-07-16 18:21:35,376::INFO::[__init__:989] Loading data for watched_data2.sab from /config/admin/watched_data2.sab
2017-07-16 18:21:35,376::INFO::[__init__:992] /config/admin/watched_data2.sab missing
2017-07-16 18:21:35,376::INFO::[__init__:989] Loading data for Rating.sab from /config/admin/Rating.sab
2017-07-16 18:21:35,376::INFO::[__init__:992] /config/admin/Rating.sab missing
2017-07-16 18:21:35,377::INFO::[scheduler:187] Setting schedule for midnight BPS reset
2017-07-16 18:21:35,383::INFO::[__init__:345] All processes started
2017-07-16 18:21:35,383::INFO::[sabnzbdplus:284] Web dir is /usr/share/sabnzbdplus/interfaces/Glitter
2017-07-16 18:21:35,383::INFO::[sabnzbdplus:284] Web dir is /usr/share/sabnzbdplus/interfaces/Config
2017-07-16 18:21:35,400::INFO::[sabnzbdplus:395] SABYenc module (v3.0.2)... found!
2017-07-16 18:21:35,401::INFO::[sabnzbdplus:412] Cryptography module (v1.2.3)... found!
2017-07-16 18:21:35,401::INFO::[sabnzbdplus:417] par2 binary... found (/usr/bin/par2)
2017-07-16 18:21:35,401::INFO::[sabnzbdplus:422] par2cmdline binary... found (/usr/bin/par2)
2017-07-16 18:21:35,401::INFO::[sabnzbdplus:428] UNRAR binary... found (/usr/bin/unrar)
2017-07-16 18:21:35,401::INFO::[sabnzbdplus:441] unzip binary... found (/usr/bin/unzip)
2017-07-16 18:21:35,402::INFO::[sabnzbdplus:446] 7za binary... found (/usr/bin/7za)
2017-07-16 18:21:35,402::INFO::[sabnzbdplus:452] nice binary... found (/usr/bin/nice)
2017-07-16 18:21:35,402::INFO::[sabnzbdplus:456] ionice binary... found (/usr/bin/ionice)
2017-07-16 18:21:35,402::INFO::[sabnzbdplus:1265] SSL version OpenSSL 1.0.2g  1 Mar 2016
2017-07-16 18:21:35,402::INFO::[sabnzbdplus:1266] SSL supported protocols ['TLS v1.2', 'TLS v1.1', 'TLS v1']
2017-07-16 18:21:35,403::INFO::[sabnzbdplus:1377] Starting web-interface on 0.0.0.0:8080
2017-07-16 18:21:35,404::INFO::[_cplogging:219] [16/Jul/2017:18:21:35] ENGINE Bus STARTING
2017-07-16 18:21:35,405::INFO::[_cplogging:219] [16/Jul/2017:18:21:35] ENGINE Started monitor thread '_TimeoutMonitor'.
2017-07-16 18:21:35,545::INFO::[_cplogging:219] [16/Jul/2017:18:21:35] ENGINE Serving on http://0.0.0.0:8080
2017-07-16 18:21:35,545::INFO::[_cplogging:219] [16/Jul/2017:18:21:35] ENGINE Bus STARTED
2017-07-16 18:21:35,546::INFO::[sabnzbdplus:1415] Starting sabnzbdplus-2.1.0
2017-07-16 18:21:35,553::INFO::[postproc:176] Completed Download Folder /config/Downloads/complete is not on FAT
2017-07-16 18:21:35,553::INFO::[dirscanner:316] Dirscanner starting up
2017-07-16 18:21:35,554::INFO::[urlgrabber:72] URLGrabber starting up
2017-07-16 18:21:35,555::INFO::[panic:242] Launching browser with http://127.0.0.1:8080/sabnzbd
2017-07-16 18:23:17,646::WARNING::[__init__:184] Signal 15 caught, saving and exiting...
2017-07-16 18:23:17,646::INFO::[nzbqueue:254] Saving queue
2017-07-16 18:23:17,647::INFO::[__init__:965] Saving data for queue10.sab in /config/admin/queue10.sab
2017-07-16 18:23:17,647::INFO::[__init__:965] Saving data for totals10.sab in /config/admin/totals10.sab
2017-07-16 18:23:17,647::INFO::[__init__:965] Saving data for rss_data.sab in /config/admin/rss_data.sab
2017-07-16 18:23:17,648::INFO::[__init__:965] Saving data for watched_data2.sab in /config/admin/watched_data2.sab
2017-07-16 18:23:17,648::INFO::[postproc:89] Saving postproc queue
2017-07-16 18:23:17,648::INFO::[__init__:965] Saving data for postproc2.sab in /config/admin/postproc2.sab
2017-07-16 18:23:29,405::INFO::[sabnzbdplus:1158] --------------------------------
2017-07-16 18:23:29,405::INFO::[sabnzbdplus:1159] sabnzbdplus-2.1.0 (rev=443efb5eda00e165e7d0459824989a6300ec458c)
2017-07-16 18:23:29,405::INFO::[sabnzbdplus:1160] Full executable path = /usr/bin/sabnzbdplus
2017-07-16 18:23:29,406::INFO::[sabnzbdplus:1172] Platform = posix
2017-07-16 18:23:29,406::INFO::[sabnzbdplus:1173] Python-version = 2.7.12 (default, Nov 19 2016, 06:48:10) 
[GCC 5.4.0 20160609]
2017-07-16 18:23:29,406::INFO::[sabnzbdplus:1174] Arguments = /usr/bin/sabnzbdplus --config-file /config --server 0.0.0.0:8080
2017-07-16 18:23:29,406::INFO::[sabnzbdplus:1179] Preferred encoding = UTF-8
2017-07-16 18:23:29,406::INFO::[sabnzbdplus:1220] Read INI file /config/sabnzbd.ini
2017-07-16 18:23:29,407::INFO::[__init__:989] Loading data for rss_data.sab from /config/admin/rss_data.sab
2017-07-16 18:23:29,407::INFO::[__init__:989] Loading data for totals10.sab from /config/admin/totals10.sab
2017-07-16 18:23:29,408::INFO::[postproc:95] Loading postproc queue
2017-07-16 18:23:29,408::INFO::[__init__:989] Loading data for postproc2.sab from /config/admin/postproc2.sab
2017-07-16 18:23:29,408::INFO::[__init__:989] Loading data for queue10.sab from /config/admin/queue10.sab
2017-07-16 18:23:29,408::INFO::[__init__:989] Loading data for watched_data2.sab from /config/admin/watched_data2.sab
2017-07-16 18:23:29,409::INFO::[__init__:989] Loading data for Rating.sab from /config/admin/Rating.sab
2017-07-16 18:23:29,409::INFO::[__init__:992] /config/admin/Rating.sab missing
2017-07-16 18:23:29,409::INFO::[scheduler:187] Setting schedule for midnight BPS reset
2017-07-16 18:23:29,414::INFO::[__init__:345] All processes started
2017-07-16 18:23:29,415::INFO::[sabnzbdplus:284] Web dir is /usr/share/sabnzbdplus/interfaces/Glitter
2017-07-16 18:23:29,415::INFO::[sabnzbdplus:284] Web dir is /usr/share/sabnzbdplus/interfaces/Config
2017-07-16 18:23:29,447::INFO::[sabnzbdplus:395] SABYenc module (v3.0.2)... found!
2017-07-16 18:23:29,448::INFO::[sabnzbdplus:412] Cryptography module (v1.2.3)... found!
2017-07-16 18:23:29,448::INFO::[sabnzbdplus:417] par2 binary... found (/usr/bin/par2)
2017-07-16 18:23:29,448::INFO::[sabnzbdplus:422] par2cmdline binary... found (/usr/bin/par2)
2017-07-16 18:23:29,448::INFO::[sabnzbdplus:428] UNRAR binary... found (/usr/bin/unrar)
2017-07-16 18:23:29,449::INFO::[sabnzbdplus:441] unzip binary... found (/usr/bin/unzip)
2017-07-16 18:23:29,449::INFO::[sabnzbdplus:446] 7za binary... found (/usr/bin/7za)
2017-07-16 18:23:29,449::INFO::[sabnzbdplus:452] nice binary... found (/usr/bin/nice)
2017-07-16 18:23:29,449::INFO::[sabnzbdplus:456] ionice binary... found (/usr/bin/ionice)
2017-07-16 18:23:29,449::INFO::[sabnzbdplus:1265] SSL version OpenSSL 1.0.2g  1 Mar 2016
2017-07-16 18:23:29,450::INFO::[sabnzbdplus:1266] SSL supported protocols ['TLS v1.2', 'TLS v1.1', 'TLS v1']
2017-07-16 18:23:29,451::INFO::[sabnzbdplus:1377] Starting web-interface on 0.0.0.0:8080
2017-07-16 18:23:29,452::INFO::[_cplogging:219] [16/Jul/2017:18:23:29] ENGINE Bus STARTING
2017-07-16 18:23:29,454::INFO::[_cplogging:219] [16/Jul/2017:18:23:29] ENGINE Started monitor thread '_TimeoutMonitor'.
2017-07-16 18:23:29,699::INFO::[_cplogging:219] [16/Jul/2017:18:23:29] ENGINE Serving on http://0.0.0.0:8080
2017-07-16 18:23:29,699::INFO::[_cplogging:219] [16/Jul/2017:18:23:29] ENGINE Bus STARTED
2017-07-16 18:23:29,700::INFO::[sabnzbdplus:1415] Starting sabnzbdplus-2.1.0
2017-07-16 18:23:29,704::INFO::[dirscanner:316] Dirscanner starting up
2017-07-16 18:23:29,706::INFO::[postproc:176] Completed Download Folder /config/Downloads/complete is not on FAT
2017-07-16 18:23:29,707::INFO::[panic:242] Launching browser with http://127.0.0.1:8080/sabnzbd
2017-07-16 18:23:29,707::INFO::[urlgrabber:72] URLGrabber starting up
2017-07-16 18:24:19,450::WARNING::[__init__:184] Signal 15 caught, saving and exiting...
2017-07-16 18:24:19,450::INFO::[nzbqueue:254] Saving queue
2017-07-16 18:24:19,450::INFO::[__init__:965] Saving data for queue10.sab in /config/admin/queue10.sab
2017-07-16 18:24:19,451::INFO::[__init__:965] Saving data for totals10.sab in /config/admin/totals10.sab
2017-07-16 18:24:19,451::INFO::[__init__:965] Saving data for rss_data.sab in /config/admin/rss_data.sab
2017-07-16 18:24:19,452::INFO::[__init__:965] Saving data for watched_data2.sab in /config/admin/watched_data2.sab
2017-07-16 18:24:19,452::INFO::[postproc:89] Saving postproc queue
2017-07-16 18:24:19,452::INFO::[__init__:965] Saving data for postproc2.sab in /config/admin/postproc2.sab
2017-07-16 18:33:39,300::INFO::[sabnzbdplus:1158] --------------------------------
2017-07-16 18:33:39,300::INFO::[sabnzbdplus:1159] sabnzbdplus-2.1.0 (rev=443efb5eda00e165e7d0459824989a6300ec458c)
2017-07-16 18:33:39,300::INFO::[sabnzbdplus:1160] Full executable path = /usr/bin/sabnzbdplus
2017-07-16 18:33:39,300::INFO::[sabnzbdplus:1172] Platform = posix
2017-07-16 18:33:39,300::INFO::[sabnzbdplus:1173] Python-version = 2.7.12 (default, Nov 19 2016, 06:48:10) 
[GCC 5.4.0 20160609]
2017-07-16 18:33:39,301::INFO::[sabnzbdplus:1174] Arguments = /usr/bin/sabnzbdplus --config-file /config --server 0.0.0.0:8080
2017-07-16 18:33:39,301::INFO::[sabnzbdplus:1179] Preferred encoding = UTF-8
2017-07-16 18:33:39,301::INFO::[sabnzbdplus:1220] Read INI file /config/sabnzbd.ini
2017-07-16 18:33:39,314::INFO::[__init__:989] Loading data for rss_data.sab from /config/admin/rss_data.sab
2017-07-16 18:33:39,315::INFO::[__init__:989] Loading data for totals10.sab from /config/admin/totals10.sab
2017-07-16 18:33:39,315::INFO::[postproc:95] Loading postproc queue
2017-07-16 18:33:39,315::INFO::[__init__:989] Loading data for postproc2.sab from /config/admin/postproc2.sab
2017-07-16 18:33:39,316::INFO::[__init__:989] Loading data for queue10.sab from /config/admin/queue10.sab
2017-07-16 18:33:39,316::INFO::[__init__:989] Loading data for watched_data2.sab from /config/admin/watched_data2.sab
2017-07-16 18:33:39,316::INFO::[__init__:989] Loading data for Rating.sab from /config/admin/Rating.sab
2017-07-16 18:33:39,316::INFO::[__init__:992] /config/admin/Rating.sab missing
2017-07-16 18:33:39,317::INFO::[scheduler:187] Setting schedule for midnight BPS reset
2017-07-16 18:33:39,323::INFO::[__init__:345] All processes started
2017-07-16 18:33:39,323::INFO::[sabnzbdplus:284] Web dir is /usr/share/sabnzbdplus/interfaces/Glitter
2017-07-16 18:33:39,344::INFO::[sabnzbdplus:284] Web dir is /usr/share/sabnzbdplus/interfaces/Config
2017-07-16 18:33:39,470::INFO::[sabnzbdplus:395] SABYenc module (v3.0.2)... found!
2017-07-16 18:33:39,471::INFO::[sabnzbdplus:412] Cryptography module (v1.2.3)... found!
2017-07-16 18:33:39,471::INFO::[sabnzbdplus:417] par2 binary... found (/usr/bin/par2)
2017-07-16 18:33:39,471::INFO::[sabnzbdplus:422] par2cmdline binary... found (/usr/bin/par2)
2017-07-16 18:33:39,472::INFO::[sabnzbdplus:428] UNRAR binary... found (/usr/bin/unrar)
2017-07-16 18:33:39,472::INFO::[sabnzbdplus:441] unzip binary... found (/usr/bin/unzip)
2017-07-16 18:33:39,472::INFO::[sabnzbdplus:446] 7za binary... found (/usr/bin/7za)
2017-07-16 18:33:39,472::INFO::[sabnzbdplus:452] nice binary... found (/usr/bin/nice)
2017-07-16 18:33:39,473::INFO::[sabnzbdplus:456] ionice binary... found (/usr/bin/ionice)
2017-07-16 18:33:39,473::INFO::[sabnzbdplus:1265] SSL version OpenSSL 1.0.2g  1 Mar 2016
2017-07-16 18:33:39,473::INFO::[sabnzbdplus:1266] SSL supported protocols ['TLS v1.2', 'TLS v1.1', 'TLS v1']
2017-07-16 18:33:39,475::INFO::[sabnzbdplus:1377] Starting web-interface on 0.0.0.0:8080
2017-07-16 18:33:39,475::INFO::[_cplogging:219] [16/Jul/2017:18:33:39] ENGINE Bus STARTING
2017-07-16 18:33:39,479::INFO::[_cplogging:219] [16/Jul/2017:18:33:39] ENGINE Started monitor thread '_TimeoutMonitor'.
2017-07-16 18:33:39,649::INFO::[_cplogging:219] [16/Jul/2017:18:33:39] ENGINE Serving on http://0.0.0.0:8080
2017-07-16 18:33:39,649::INFO::[_cplogging:219] [16/Jul/2017:18:33:39] ENGINE Bus STARTED
2017-07-16 18:33:39,650::INFO::[sabnzbdplus:1415] Starting sabnzbdplus-2.1.0
2017-07-16 18:33:39,654::INFO::[dirscanner:316] Dirscanner starting up
2017-07-16 18:33:39,655::INFO::[urlgrabber:72] URLGrabber starting up
2017-07-16 18:33:39,656::INFO::[panic:242] Launching browser with http://127.0.0.1:8080/sabnzbd
2017-07-16 18:33:39,671::INFO::[postproc:176] Completed Download Folder /config/Downloads/complete is not on FAT
2017-07-16 19:02:30,484::WARNING::[__init__:184] Signal 15 caught, saving and exiting...
2017-07-16 19:02:31,140::INFO::[nzbqueue:254] Saving queue
2017-07-16 19:02:31,194::INFO::[__init__:965] Saving data for queue10.sab in /config/admin/queue10.sab
2017-07-16 19:02:31,934::INFO::[__init__:965] Saving data for totals10.sab in /config/admin/totals10.sab
2017-07-16 19:02:31,934::INFO::[__init__:965] Saving data for rss_data.sab in /config/admin/rss_data.sab
2017-07-16 19:02:31,934::INFO::[__init__:965] Saving data for watched_data2.sab in /config/admin/watched_data2.sab
2017-07-16 19:02:31,934::INFO::[postproc:89] Saving postproc queue
2017-07-16 19:02:31,934::INFO::[__init__:965] Saving data for postproc2.sab in /config/admin/postproc2.sab
2017-07-16 19:03:01,887::INFO::[sabnzbdplus:1158] --------------------------------
2017-07-16 19:03:01,887::INFO::[sabnzbdplus:1159] sabnzbdplus-2.1.0 (rev=443efb5eda00e165e7d0459824989a6300ec458c)
2017-07-16 19:03:01,888::INFO::[sabnzbdplus:1160] Full executable path = /usr/bin/sabnzbdplus
2017-07-16 19:03:01,888::INFO::[sabnzbdplus:1172] Platform = posix
2017-07-16 19:03:01,888::INFO::[sabnzbdplus:1173] Python-version = 2.7.12 (default, Nov 19 2016, 06:48:10) 
[GCC 5.4.0 20160609]
2017-07-16 19:03:01,888::INFO::[sabnzbdplus:1174] Arguments = /usr/bin/sabnzbdplus --config-file /config --server 0.0.0.0:8080
2017-07-16 19:03:01,889::INFO::[sabnzbdplus:1179] Preferred encoding = UTF-8
2017-07-16 19:03:01,889::INFO::[sabnzbdplus:1220] Read INI file /config/sabnzbd.ini
2017-07-16 19:03:01,890::INFO::[__init__:989] Loading data for rss_data.sab from /config/admin/rss_data.sab
2017-07-16 19:03:01,891::INFO::[__init__:989] Loading data for totals10.sab from /config/admin/totals10.sab
2017-07-16 19:03:01,891::INFO::[postproc:95] Loading postproc queue
2017-07-16 19:03:01,892::INFO::[__init__:989] Loading data for postproc2.sab from /config/admin/postproc2.sab
2017-07-16 19:03:01,892::INFO::[__init__:989] Loading data for queue10.sab from /config/admin/queue10.sab
2017-07-16 19:03:01,893::INFO::[__init__:989] Loading data for watched_data2.sab from /config/admin/watched_data2.sab
2017-07-16 19:03:01,893::INFO::[__init__:989] Loading data for Rating.sab from /config/admin/Rating.sab
2017-07-16 19:03:01,893::INFO::[__init__:992] /config/admin/Rating.sab missing
2017-07-16 19:03:01,894::INFO::[scheduler:187] Setting schedule for midnight BPS reset
2017-07-16 19:03:01,904::INFO::[__init__:345] All processes started
2017-07-16 19:03:01,905::INFO::[sabnzbdplus:284] Web dir is /usr/share/sabnzbdplus/interfaces/Glitter
2017-07-16 19:03:01,905::INFO::[sabnzbdplus:284] Web dir is /usr/share/sabnzbdplus/interfaces/Config
2017-07-16 19:03:01,963::INFO::[sabnzbdplus:395] SABYenc module (v3.0.2)... found!
2017-07-16 19:03:01,964::INFO::[sabnzbdplus:412] Cryptography module (v1.2.3)... found!
2017-07-16 19:03:01,964::INFO::[sabnzbdplus:417] par2 binary... found (/usr/bin/par2)
2017-07-16 19:03:01,964::INFO::[sabnzbdplus:422] par2cmdline binary... found (/usr/bin/par2)
2017-07-16 19:03:01,965::INFO::[sabnzbdplus:428] UNRAR binary... found (/usr/bin/unrar)
2017-07-16 19:03:01,966::INFO::[sabnzbdplus:441] unzip binary... found (/usr/bin/unzip)
2017-07-16 19:03:01,966::INFO::[sabnzbdplus:446] 7za binary... found (/usr/bin/7za)
2017-07-16 19:03:01,966::INFO::[sabnzbdplus:452] nice binary... found (/usr/bin/nice)
2017-07-16 19:03:01,966::INFO::[sabnzbdplus:456] ionice binary... found (/usr/bin/ionice)
2017-07-16 19:03:01,967::INFO::[sabnzbdplus:1265] SSL version OpenSSL 1.0.2g  1 Mar 2016
2017-07-16 19:03:01,967::INFO::[sabnzbdplus:1266] SSL supported protocols ['TLS v1.2', 'TLS v1.1', 'TLS v1']
2017-07-16 19:03:01,968::INFO::[sabnzbdplus:1377] Starting web-interface on 0.0.0.0:8080
2017-07-16 19:03:01,969::INFO::[_cplogging:219] [16/Jul/2017:19:03:01] ENGINE Bus STARTING
2017-07-16 19:03:01,971::INFO::[_cplogging:219] [16/Jul/2017:19:03:01] ENGINE Started monitor thread '_TimeoutMonitor'.
2017-07-16 19:03:02,121::INFO::[_cplogging:219] [16/Jul/2017:19:03:02] ENGINE Serving on http://0.0.0.0:8080
2017-07-16 19:03:02,121::INFO::[_cplogging:219] [16/Jul/2017:19:03:02] ENGINE Bus STARTED
2017-07-16 19:03:02,122::INFO::[sabnzbdplus:1415] Starting sabnzbdplus-2.1.0
2017-07-16 19:03:02,132::INFO::[dirscanner:316] Dirscanner starting up
2017-07-16 19:03:02,133::INFO::[panic:242] Launching browser with http://127.0.0.1:8080/sabnzbd
2017-07-16 19:03:02,133::INFO::[urlgrabber:72] URLGrabber starting up
2017-07-16 19:03:02,204::INFO::[postproc:176] Completed Download Folder /config/Downloads/complete is not on FAT
2017-07-16 20:15:36,616::INFO::[sabnzbdplus:1158] --------------------------------
2017-07-16 20:15:36,616::INFO::[sabnzbdplus:1159] sabnzbdplus-2.1.0 (rev=443efb5eda00e165e7d0459824989a6300ec458c)
2017-07-16 20:15:36,616::INFO::[sabnzbdplus:1160] Full executable path = /usr/bin/sabnzbdplus
2017-07-16 20:15:36,617::INFO::[sabnzbdplus:1172] Platform = posix
2017-07-16 20:15:36,617::INFO::[sabnzbdplus:1173] Python-version = 2.7.12 (default, Nov 19 2016, 06:48:10) 
[GCC 5.4.0 20160609]
2017-07-16 20:15:36,617::INFO::[sabnzbdplus:1174] Arguments = /usr/bin/sabnzbdplus --config-file /config --server 0.0.0.0:8080
2017-07-16 20:15:36,617::INFO::[sabnzbdplus:1179] Preferred encoding = UTF-8
2017-07-16 20:15:36,618::INFO::[sabnzbdplus:1220] Read INI file /config/sabnzbd.ini
2017-07-16 20:15:36,630::INFO::[__init__:989] Loading data for rss_data.sab from /config/admin/rss_data.sab
2017-07-16 20:15:36,631::INFO::[__init__:989] Loading data for totals10.sab from /config/admin/totals10.sab
2017-07-16 20:15:36,631::INFO::[postproc:95] Loading postproc queue
2017-07-16 20:15:36,632::INFO::[__init__:989] Loading data for postproc2.sab from /config/admin/postproc2.sab
2017-07-16 20:15:36,632::INFO::[__init__:989] Loading data for queue10.sab from /config/admin/queue10.sab
2017-07-16 20:15:36,633::INFO::[__init__:989] Loading data for watched_data2.sab from /config/admin/watched_data2.sab
2017-07-16 20:15:36,633::INFO::[__init__:989] Loading data for Rating.sab from /config/admin/Rating.sab
2017-07-16 20:15:36,633::INFO::[__init__:992] /config/admin/Rating.sab missing
2017-07-16 20:15:36,634::INFO::[scheduler:187] Setting schedule for midnight BPS reset
2017-07-16 20:15:36,645::INFO::[__init__:345] All processes started
2017-07-16 20:15:36,645::INFO::[sabnzbdplus:284] Web dir is /usr/share/sabnzbdplus/interfaces/Glitter
2017-07-16 20:15:36,682::INFO::[sabnzbdplus:284] Web dir is /usr/share/sabnzbdplus/interfaces/Config
2017-07-16 20:15:36,756::INFO::[sabnzbdplus:395] SABYenc module (v3.0.2)... found!
2017-07-16 20:15:36,757::INFO::[sabnzbdplus:412] Cryptography module (v1.2.3)... found!
2017-07-16 20:15:36,757::INFO::[sabnzbdplus:417] par2 binary... found (/usr/bin/par2)
2017-07-16 20:15:36,757::INFO::[sabnzbdplus:422] par2cmdline binary... found (/usr/bin/par2)
2017-07-16 20:15:36,758::INFO::[sabnzbdplus:428] UNRAR binary... found (/usr/bin/unrar)
2017-07-16 20:15:36,758::INFO::[sabnzbdplus:441] unzip binary... found (/usr/bin/unzip)
2017-07-16 20:15:36,758::INFO::[sabnzbdplus:446] 7za binary... found (/usr/bin/7za)
2017-07-16 20:15:36,759::INFO::[sabnzbdplus:452] nice binary... found (/usr/bin/nice)
2017-07-16 20:15:36,759::INFO::[sabnzbdplus:456] ionice binary... found (/usr/bin/ionice)
2017-07-16 20:15:36,759::INFO::[sabnzbdplus:1265] SSL version OpenSSL 1.0.2g  1 Mar 2016
2017-07-16 20:15:36,759::INFO::[sabnzbdplus:1266] SSL supported protocols ['TLS v1.2', 'TLS v1.1', 'TLS v1']
2017-07-16 20:15:36,761::INFO::[sabnzbdplus:1377] Starting web-interface on 0.0.0.0:8080
2017-07-16 20:15:36,761::INFO::[_cplogging:219] [16/Jul/2017:20:15:36] ENGINE Bus STARTING
2017-07-16 20:15:36,792::INFO::[_cplogging:219] [16/Jul/2017:20:15:36] ENGINE Started monitor thread '_TimeoutMonitor'.
2017-07-16 20:15:36,960::INFO::[_cplogging:219] [16/Jul/2017:20:15:36] ENGINE Serving on http://0.0.0.0:8080
2017-07-16 20:15:36,961::INFO::[_cplogging:219] [16/Jul/2017:20:15:36] ENGINE Bus STARTED
2017-07-16 20:15:36,962::INFO::[sabnzbdplus:1415] Starting sabnzbdplus-2.1.0
2017-07-16 20:15:36,970::INFO::[dirscanner:316] Dirscanner starting up
2017-07-16 20:15:36,971::INFO::[urlgrabber:72] URLGrabber starting up
2017-07-16 20:15:36,971::INFO::[panic:242] Launching browser with http://127.0.0.1:8080/sabnzbd
2017-07-16 20:15:36,987::INFO::[postproc:176] Completed Download Folder /config/Downloads/complete is not on FAT
2017-07-16 20:25:14,991::INFO::[sabnzbdplus:1158] --------------------------------
2017-07-16 20:25:14,992::INFO::[sabnzbdplus:1159] sabnzbdplus-2.1.0 (rev=443efb5eda00e165e7d0459824989a6300ec458c)
2017-07-16 20:25:14,992::INFO::[sabnzbdplus:1160] Full executable path = /usr/bin/sabnzbdplus
2017-07-16 20:25:14,992::INFO::[sabnzbdplus:1172] Platform = posix
2017-07-16 20:25:14,993::INFO::[sabnzbdplus:1173] Python-version = 2.7.12 (default, Nov 19 2016, 06:48:10) 
[GCC 5.4.0 20160609]
2017-07-16 20:25:14,993::INFO::[sabnzbdplus:1174] Arguments = /usr/bin/sabnzbdplus --config-file /config --server 0.0.0.0:8080
2017-07-16 20:25:14,993::INFO::[sabnzbdplus:1179] Preferred encoding = UTF-8
2017-07-16 20:25:14,994::INFO::[sabnzbdplus:1220] Read INI file /config/sabnzbd.ini
2017-07-16 20:25:14,996::INFO::[__init__:989] Loading data for rss_data.sab from /config/admin/rss_data.sab
2017-07-16 20:25:14,997::INFO::[__init__:989] Loading data for totals10.sab from /config/admin/totals10.sab
2017-07-16 20:25:14,997::INFO::[postproc:95] Loading postproc queue
2017-07-16 20:25:14,997::INFO::[__init__:989] Loading data for postproc2.sab from /config/admin/postproc2.sab
2017-07-16 20:25:14,998::INFO::[__init__:989] Loading data for queue10.sab from /config/admin/queue10.sab
2017-07-16 20:25:14,998::INFO::[__init__:989] Loading data for watched_data2.sab from /config/admin/watched_data2.sab
2017-07-16 20:25:14,998::INFO::[__init__:989] Loading data for Rating.sab from /config/admin/Rating.sab
2017-07-16 20:25:14,999::INFO::[__init__:992] /config/admin/Rating.sab missing
2017-07-16 20:25:14,999::INFO::[scheduler:187] Setting schedule for midnight BPS reset
2017-07-16 20:25:15,007::INFO::[__init__:345] All processes started
2017-07-16 20:25:15,008::INFO::[sabnzbdplus:284] Web dir is /usr/share/sabnzbdplus/interfaces/Glitter
2017-07-16 20:25:15,008::INFO::[sabnzbdplus:284] Web dir is /usr/share/sabnzbdplus/interfaces/Config
2017-07-16 20:25:15,090::INFO::[sabnzbdplus:395] SABYenc module (v3.0.2)... found!
2017-07-16 20:25:15,090::INFO::[sabnzbdplus:412] Cryptography module (v1.2.3)... found!
2017-07-16 20:25:15,091::INFO::[sabnzbdplus:417] par2 binary... found (/usr/bin/par2)
2017-07-16 20:25:15,091::INFO::[sabnzbdplus:422] par2cmdline binary... found (/usr/bin/par2)
2017-07-16 20:25:15,091::INFO::[sabnzbdplus:428] UNRAR binary... found (/usr/bin/unrar)
2017-07-16 20:25:15,091::INFO::[sabnzbdplus:441] unzip binary... found (/usr/bin/unzip)
2017-07-16 20:25:15,092::INFO::[sabnzbdplus:446] 7za binary... found (/usr/bin/7za)
2017-07-16 20:25:15,092::INFO::[sabnzbdplus:452] nice binary... found (/usr/bin/nice)
2017-07-16 20:25:15,092::INFO::[sabnzbdplus:456] ionice binary... found (/usr/bin/ionice)
2017-07-16 20:25:15,092::INFO::[sabnzbdplus:1265] SSL version OpenSSL 1.0.2g  1 Mar 2016
2017-07-16 20:25:15,093::INFO::[sabnzbdplus:1266] SSL supported protocols ['TLS v1.2', 'TLS v1.1', 'TLS v1']
2017-07-16 20:25:15,095::INFO::[sabnzbdplus:1377] Starting web-interface on 0.0.0.0:8080
2017-07-16 20:25:15,095::INFO::[_cplogging:219] [16/Jul/2017:20:25:15] ENGINE Bus STARTING
2017-07-16 20:25:15,098::INFO::[_cplogging:219] [16/Jul/2017:20:25:15] ENGINE Started monitor thread '_TimeoutMonitor'.
2017-07-16 20:25:15,269::INFO::[_cplogging:219] [16/Jul/2017:20:25:15] ENGINE Serving on http://0.0.0.0:8080
2017-07-16 20:25:15,269::INFO::[_cplogging:219] [16/Jul/2017:20:25:15] ENGINE Bus STARTED
2017-07-16 20:25:15,271::INFO::[sabnzbdplus:1415] Starting sabnzbdplus-2.1.0
2017-07-16 20:25:15,280::INFO::[dirscanner:316] Dirscanner starting up
2017-07-16 20:25:15,282::INFO::[urlgrabber:72] URLGrabber starting up
2017-07-16 20:25:15,282::INFO::[panic:242] Launching browser with http://127.0.0.1:8080/sabnzbd
2017-07-16 20:25:15,293::INFO::[postproc:176] Completed Download Folder /config/Downloads/complete is not on FAT
2017-07-16 20:25:33,696::WARNING::[__init__:184] Signal 15 caught, saving and exiting...
2017-07-16 20:25:33,701::INFO::[nzbqueue:254] Saving queue
2017-07-16 20:25:33,702::INFO::[__init__:965] Saving data for queue10.sab in /config/admin/queue10.sab
2017-07-16 20:25:33,702::INFO::[__init__:965] Saving data for totals10.sab in /config/admin/totals10.sab
2017-07-16 20:25:33,703::INFO::[__init__:965] Saving data for rss_data.sab in /config/admin/rss_data.sab
2017-07-16 20:25:33,703::INFO::[__init__:965] Saving data for watched_data2.sab in /config/admin/watched_data2.sab
2017-07-16 20:25:33,703::INFO::[postproc:89] Saving postproc queue
2017-07-16 20:25:33,704::INFO::[__init__:965] Saving data for postproc2.sab in /config/admin/postproc2.sab
2017-07-16 20:25:49,139::INFO::[sabnzbdplus:1158] --------------------------------
2017-07-16 20:25:49,140::INFO::[sabnzbdplus:1159] sabnzbdplus-2.1.0 (rev=443efb5eda00e165e7d0459824989a6300ec458c)
2017-07-16 20:25:49,140::INFO::[sabnzbdplus:1160] Full executable path = /usr/bin/sabnzbdplus
2017-07-16 20:25:49,140::INFO::[sabnzbdplus:1172] Platform = posix
2017-07-16 20:25:49,140::INFO::[sabnzbdplus:1173] Python-version = 2.7.12 (default, Nov 19 2016, 06:48:10) 
[GCC 5.4.0 20160609]
2017-07-16 20:25:49,141::INFO::[sabnzbdplus:1174] Arguments = /usr/bin/sabnzbdplus --config-file /config --server 0.0.0.0:8080
2017-07-16 20:25:49,141::INFO::[sabnzbdplus:1179] Preferred encoding = UTF-8
2017-07-16 20:25:49,141::INFO::[sabnzbdplus:1220] Read INI file /config/sabnzbd.ini
2017-07-16 20:25:49,141::ERROR::[misc:506] download_dir directory: /config/Downloads/incomplete error accessing
2017-07-16 20:25:49,142::INFO::[__init__:989] Loading data for rss_data.sab from /config/admin/rss_data.sab
2017-07-16 20:25:49,143::INFO::[__init__:989] Loading data for totals10.sab from /config/admin/totals10.sab
2017-07-16 20:25:49,143::INFO::[postproc:95] Loading postproc queue
2017-07-16 20:25:49,143::INFO::[__init__:989] Loading data for postproc2.sab from /config/admin/postproc2.sab
2017-07-16 20:25:49,144::INFO::[__init__:989] Loading data for queue10.sab from /config/admin/queue10.sab
2017-07-16 20:25:49,145::INFO::[__init__:989] Loading data for watched_data2.sab from /config/admin/watched_data2.sab
2017-07-16 20:25:49,145::INFO::[__init__:989] Loading data for Rating.sab from /config/admin/Rating.sab
2017-07-16 20:25:49,145::INFO::[__init__:992] /config/admin/Rating.sab missing
2017-07-16 20:25:49,145::INFO::[scheduler:187] Setting schedule for midnight BPS reset
2017-07-16 20:25:49,146::INFO::[__init__:345] All processes started
2017-07-16 20:25:49,146::INFO::[sabnzbdplus:284] Web dir is /usr/share/sabnzbdplus/interfaces/Glitter
2017-07-16 20:25:49,183::INFO::[sabnzbdplus:284] Web dir is /usr/share/sabnzbdplus/interfaces/Config
2017-07-16 20:25:49,212::ERROR::[config:849] Cannot create backup file for /config/sabnzbd.ini.bak
2017-07-16 20:25:49,213::INFO::[config:850] Traceback: 
Traceback (most recent call last):
  File "/usr/share/sabnzbdplus/sabnzbd/config.py", line 846, in save_config
    shutil.copymode(filename, bakname)
  File "/usr/lib/python2.7/shutil.py", line 91, in copymode
    os.chmod(dst, mode)
OSError: [Errno 1] Operation not permitted: '/config/sabnzbd.ini.bak'
2017-07-16 20:25:49,276::INFO::[sabnzbdplus:395] SABYenc module (v3.0.2)... found!
2017-07-16 20:25:49,276::INFO::[sabnzbdplus:412] Cryptography module (v1.2.3)... found!
2017-07-16 20:25:49,277::INFO::[sabnzbdplus:417] par2 binary... found (/usr/bin/par2)
2017-07-16 20:25:49,277::INFO::[sabnzbdplus:422] par2cmdline binary... found (/usr/bin/par2)
2017-07-16 20:25:49,277::INFO::[sabnzbdplus:428] UNRAR binary... found (/usr/bin/unrar)
2017-07-16 20:25:49,277::INFO::[sabnzbdplus:441] unzip binary... found (/usr/bin/unzip)
2017-07-16 20:25:49,278::INFO::[sabnzbdplus:446] 7za binary... found (/usr/bin/7za)
2017-07-16 20:25:49,278::INFO::[sabnzbdplus:452] nice binary... found (/usr/bin/nice)
2017-07-16 20:25:49,278::INFO::[sabnzbdplus:456] ionice binary... found (/usr/bin/ionice)
2017-07-16 20:25:49,279::INFO::[sabnzbdplus:1265] SSL version OpenSSL 1.0.2g  1 Mar 2016
2017-07-16 20:25:49,279::INFO::[sabnzbdplus:1266] SSL supported protocols ['TLS v1.2', 'TLS v1.1', 'TLS v1']
2017-07-16 20:25:49,280::INFO::[sabnzbdplus:1377] Starting web-interface on 0.0.0.0:8080
2017-07-16 20:25:49,281::INFO::[_cplogging:219] [16/Jul/2017:20:25:49] ENGINE Bus STARTING
2017-07-16 20:25:49,305::INFO::[_cplogging:219] [16/Jul/2017:20:25:49] ENGINE Started monitor thread '_TimeoutMonitor'.
2017-07-16 20:25:49,465::INFO::[_cplogging:219] [16/Jul/2017:20:25:49] ENGINE Serving on http://0.0.0.0:8080
2017-07-16 20:25:49,465::INFO::[_cplogging:219] [16/Jul/2017:20:25:49] ENGINE Bus STARTED
2017-07-16 20:25:49,466::INFO::[sabnzbdplus:1415] Starting sabnzbdplus-2.1.0
2017-07-16 20:25:49,473::INFO::[dirscanner:316] Dirscanner starting up
2017-07-16 20:25:49,474::INFO::[urlgrabber:72] URLGrabber starting up
2017-07-16 20:25:49,474::INFO::[panic:242] Launching browser with http://127.0.0.1:8080/sabnzbd
2017-07-16 20:25:49,484::INFO::[postproc:176] Completed Download Folder /config/Downloads/complete is not on FAT
2017-07-16 20:34:42,336::INFO::[sabnzbdplus:1158] --------------------------------
2017-07-16 20:34:42,336::INFO::[sabnzbdplus:1159] sabnzbdplus-2.1.0 (rev=443efb5eda00e165e7d0459824989a6300ec458c)
2017-07-16 20:34:42,336::INFO::[sabnzbdplus:1160] Full executable path = /usr/bin/sabnzbdplus
2017-07-16 20:34:42,337::INFO::[sabnzbdplus:1172] Platform = posix
2017-07-16 20:34:42,337::INFO::[sabnzbdplus:1173] Python-version = 2.7.12 (default, Nov 19 2016, 06:48:10) 
[GCC 5.4.0 20160609]
2017-07-16 20:34:42,338::INFO::[sabnzbdplus:1174] Arguments = /usr/bin/sabnzbdplus --config-file /config --server 0.0.0.0:8080
2017-07-16 20:34:42,338::INFO::[sabnzbdplus:1179] Preferred encoding = UTF-8
2017-07-16 20:34:42,339::INFO::[sabnzbdplus:1220] Read INI file /config/sabnzbd.ini
2017-07-16 20:34:42,340::INFO::[__init__:989] Loading data for rss_data.sab from /config/admin/rss_data.sab
2017-07-16 20:34:42,341::INFO::[__init__:989] Loading data for totals10.sab from /config/admin/totals10.sab
2017-07-16 20:34:42,342::INFO::[postproc:95] Loading postproc queue
2017-07-16 20:34:42,342::INFO::[__init__:989] Loading data for postproc2.sab from /config/admin/postproc2.sab
2017-07-16 20:34:42,343::INFO::[__init__:989] Loading data for queue10.sab from /config/admin/queue10.sab
2017-07-16 20:34:42,343::INFO::[__init__:989] Loading data for watched_data2.sab from /config/admin/watched_data2.sab
2017-07-16 20:34:42,344::INFO::[__init__:989] Loading data for Rating.sab from /config/admin/Rating.sab
2017-07-16 20:34:42,344::INFO::[__init__:992] /config/admin/Rating.sab missing
2017-07-16 20:34:42,345::INFO::[scheduler:187] Setting schedule for midnight BPS reset
2017-07-16 20:34:42,360::INFO::[__init__:345] All processes started
2017-07-16 20:34:42,361::INFO::[sabnzbdplus:284] Web dir is /usr/share/sabnzbdplus/interfaces/Glitter
2017-07-16 20:34:42,409::INFO::[sabnzbdplus:284] Web dir is /usr/share/sabnzbdplus/interfaces/Config
2017-07-16 20:34:42,467::INFO::[sabnzbdplus:395] SABYenc module (v3.0.2)... found!
2017-07-16 20:34:42,467::INFO::[sabnzbdplus:412] Cryptography module (v1.2.3)... found!
2017-07-16 20:34:42,468::INFO::[sabnzbdplus:417] par2 binary... found (/usr/bin/par2)
2017-07-16 20:34:42,468::INFO::[sabnzbdplus:422] par2cmdline binary... found (/usr/bin/par2)
2017-07-16 20:34:42,468::INFO::[sabnzbdplus:428] UNRAR binary... found (/usr/bin/unrar)
2017-07-16 20:34:42,468::INFO::[sabnzbdplus:441] unzip binary... found (/usr/bin/unzip)
2017-07-16 20:34:42,468::INFO::[sabnzbdplus:446] 7za binary... found (/usr/bin/7za)
2017-07-16 20:34:42,468::INFO::[sabnzbdplus:452] nice binary... found (/usr/bin/nice)
2017-07-16 20:34:42,468::INFO::[sabnzbdplus:456] ionice binary... found (/usr/bin/ionice)
2017-07-16 20:34:42,468::INFO::[sabnzbdplus:1265] SSL version OpenSSL 1.0.2g  1 Mar 2016
2017-07-16 20:34:42,469::INFO::[sabnzbdplus:1266] SSL supported protocols ['TLS v1.2', 'TLS v1.1', 'TLS v1']
2017-07-16 20:34:42,470::INFO::[sabnzbdplus:1377] Starting web-interface on 0.0.0.0:8080
2017-07-16 20:34:42,470::INFO::[_cplogging:219] [16/Jul/2017:20:34:42] ENGINE Bus STARTING
2017-07-16 20:34:42,472::INFO::[_cplogging:219] [16/Jul/2017:20:34:42] ENGINE Started monitor thread '_TimeoutMonitor'.
2017-07-16 20:34:42,628::INFO::[_cplogging:219] [16/Jul/2017:20:34:42] ENGINE Serving on http://0.0.0.0:8080
2017-07-16 20:34:42,629::INFO::[_cplogging:219] [16/Jul/2017:20:34:42] ENGINE Bus STARTED
2017-07-16 20:34:42,629::INFO::[sabnzbdplus:1415] Starting sabnzbdplus-2.1.0
2017-07-16 20:34:42,634::INFO::[dirscanner:316] Dirscanner starting up
2017-07-16 20:34:42,635::INFO::[urlgrabber:72] URLGrabber starting up
2017-07-16 20:34:42,635::INFO::[panic:242] Launching browser with http://127.0.0.1:8080/sabnzbd
2017-07-16 20:34:42,643::INFO::[postproc:176] Completed Download Folder /config/Downloads/complete is not on FAT
2017-07-16 20:36:38,356::WARNING::[__init__:184] Signal 15 caught, saving and exiting...
2017-07-16 20:36:38,356::INFO::[nzbqueue:254] Saving queue
2017-07-16 20:36:38,356::INFO::[__init__:965] Saving data for queue10.sab in /config/admin/queue10.sab
2017-07-16 20:36:38,357::INFO::[__init__:965] Saving data for totals10.sab in /config/admin/totals10.sab
2017-07-16 20:36:38,357::INFO::[__init__:965] Saving data for rss_data.sab in /config/admin/rss_data.sab
2017-07-16 20:36:38,358::INFO::[__init__:965] Saving data for watched_data2.sab in /config/admin/watched_data2.sab
2017-07-16 20:36:38,358::INFO::[postproc:89] Saving postproc queue
2017-07-16 20:36:38,358::INFO::[__init__:965] Saving data for postproc2.sab in /config/admin/postproc2.sab
2017-07-16 20:36:50,282::INFO::[sabnzbdplus:1158] --------------------------------
2017-07-16 20:36:50,282::INFO::[sabnzbdplus:1159] sabnzbdplus-2.1.0 (rev=443efb5eda00e165e7d0459824989a6300ec458c)
2017-07-16 20:36:50,283::INFO::[sabnzbdplus:1160] Full executable path = /usr/bin/sabnzbdplus
2017-07-16 20:36:50,283::INFO::[sabnzbdplus:1172] Platform = posix
2017-07-16 20:36:50,284::INFO::[sabnzbdplus:1173] Python-version = 2.7.12 (default, Nov 19 2016, 06:48:10) 
[GCC 5.4.0 20160609]
2017-07-16 20:36:50,284::INFO::[sabnzbdplus:1174] Arguments = /usr/bin/sabnzbdplus --config-file /config --server 0.0.0.0:8080
2017-07-16 20:36:50,284::INFO::[sabnzbdplus:1179] Preferred encoding = UTF-8
2017-07-16 20:36:50,284::INFO::[sabnzbdplus:1220] Read INI file /config/sabnzbd.ini
2017-07-16 20:36:50,285::ERROR::[misc:506] download_dir directory: /config/Downloads/incomplete error accessing
2017-07-16 20:36:50,287::INFO::[__init__:989] Loading data for rss_data.sab from /config/admin/rss_data.sab
2017-07-16 20:36:50,287::INFO::[__init__:989] Loading data for totals10.sab from /config/admin/totals10.sab
2017-07-16 20:36:50,288::INFO::[postproc:95] Loading postproc queue
2017-07-16 20:36:50,288::INFO::[__init__:989] Loading data for postproc2.sab from /config/admin/postproc2.sab
2017-07-16 20:36:50,289::INFO::[__init__:989] Loading data for queue10.sab from /config/admin/queue10.sab
2017-07-16 20:36:50,289::INFO::[__init__:989] Loading data for watched_data2.sab from /config/admin/watched_data2.sab
2017-07-16 20:36:50,290::INFO::[__init__:989] Loading data for Rating.sab from /config/admin/Rating.sab
2017-07-16 20:36:50,290::INFO::[__init__:992] /config/admin/Rating.sab missing
2017-07-16 20:36:50,290::INFO::[scheduler:187] Setting schedule for midnight BPS reset
2017-07-16 20:36:50,290::INFO::[__init__:345] All processes started
2017-07-16 20:36:50,291::INFO::[sabnzbdplus:284] Web dir is /usr/share/sabnzbdplus/interfaces/Glitter
2017-07-16 20:36:50,291::INFO::[sabnzbdplus:284] Web dir is /usr/share/sabnzbdplus/interfaces/Config
2017-07-16 20:36:50,295::ERROR::[config:849] Cannot create backup file for /config/sabnzbd.ini.bak
2017-07-16 20:36:50,296::INFO::[config:850] Traceback: 
Traceback (most recent call last):
  File "/usr/share/sabnzbdplus/sabnzbd/config.py", line 846, in save_config
    shutil.copymode(filename, bakname)
  File "/usr/lib/python2.7/shutil.py", line 91, in copymode
    os.chmod(dst, mode)
OSError: [Errno 1] Operation not permitted: '/config/sabnzbd.ini.bak'
2017-07-16 20:36:50,309::INFO::[sabnzbdplus:395] SABYenc module (v3.0.2)... found!
2017-07-16 20:36:50,309::INFO::[sabnzbdplus:412] Cryptography module (v1.2.3)... found!
2017-07-16 20:36:50,309::INFO::[sabnzbdplus:417] par2 binary... found (/usr/bin/par2)
2017-07-16 20:36:50,309::INFO::[sabnzbdplus:422] par2cmdline binary... found (/usr/bin/par2)
2017-07-16 20:36:50,309::INFO::[sabnzbdplus:428] UNRAR binary... found (/usr/bin/unrar)
2017-07-16 20:36:50,309::INFO::[sabnzbdplus:441] unzip binary... found (/usr/bin/unzip)
2017-07-16 20:36:50,310::INFO::[sabnzbdplus:446] 7za binary... found (/usr/bin/7za)
2017-07-16 20:36:50,310::INFO::[sabnzbdplus:452] nice binary... found (/usr/bin/nice)
2017-07-16 20:36:50,310::INFO::[sabnzbdplus:456] ionice binary... found (/usr/bin/ionice)
2017-07-16 20:36:50,310::INFO::[sabnzbdplus:1265] SSL version OpenSSL 1.0.2g  1 Mar 2016
2017-07-16 20:36:50,310::INFO::[sabnzbdplus:1266] SSL supported protocols ['TLS v1.2', 'TLS v1.1', 'TLS v1']
2017-07-16 20:36:50,311::INFO::[sabnzbdplus:1377] Starting web-interface on 0.0.0.0:8080
2017-07-16 20:36:50,311::INFO::[_cplogging:219] [16/Jul/2017:20:36:50] ENGINE Bus STARTING
2017-07-16 20:36:50,313::INFO::[_cplogging:219] [16/Jul/2017:20:36:50] ENGINE Started monitor thread '_TimeoutMonitor'.
2017-07-16 20:36:50,550::INFO::[_cplogging:219] [16/Jul/2017:20:36:50] ENGINE Serving on http://0.0.0.0:8080
2017-07-16 20:36:50,550::INFO::[_cplogging:219] [16/Jul/2017:20:36:50] ENGINE Bus STARTED
2017-07-16 20:36:50,551::INFO::[sabnzbdplus:1415] Starting sabnzbdplus-2.1.0
2017-07-16 20:36:50,557::INFO::[dirscanner:316] Dirscanner starting up
2017-07-16 20:36:50,558::INFO::[urlgrabber:72] URLGrabber starting up
2017-07-16 20:36:50,558::INFO::[panic:242] Launching browser with http://127.0.0.1:8080/sabnzbd
2017-07-16 20:36:50,566::INFO::[postproc:176] Completed Download Folder /config/Downloads/complete is not on FAT
2017-07-16 20:39:56,117::WARNING::[__init__:184] Signal 15 caught, saving and exiting...
2017-07-16 20:39:56,118::INFO::[nzbqueue:254] Saving queue
2017-07-16 20:39:56,118::INFO::[__init__:965] Saving data for queue10.sab in /config/admin/queue10.sab
2017-07-16 20:39:56,118::INFO::[__init__:965] Saving data for totals10.sab in /config/admin/totals10.sab
2017-07-16 20:39:56,119::INFO::[__init__:965] Saving data for rss_data.sab in /config/admin/rss_data.sab
2017-07-16 20:39:56,119::INFO::[__init__:965] Saving data for watched_data2.sab in /config/admin/watched_data2.sab
2017-07-16 20:39:56,119::INFO::[postproc:89] Saving postproc queue
2017-07-16 20:39:56,119::INFO::[__init__:965] Saving data for postproc2.sab in /config/admin/postproc2.sab
2017-07-16 20:40:08,995::INFO::[sabnzbdplus:1158] --------------------------------
2017-07-16 20:40:08,995::INFO::[sabnzbdplus:1159] sabnzbdplus-2.1.0 (rev=443efb5eda00e165e7d0459824989a6300ec458c)
2017-07-16 20:40:08,996::INFO::[sabnzbdplus:1160] Full executable path = /usr/bin/sabnzbdplus
2017-07-16 20:40:08,996::INFO::[sabnzbdplus:1172] Platform = posix
2017-07-16 20:40:08,996::INFO::[sabnzbdplus:1173] Python-version = 2.7.12 (default, Nov 19 2016, 06:48:10) 
[GCC 5.4.0 20160609]
2017-07-16 20:40:08,996::INFO::[sabnzbdplus:1174] Arguments = /usr/bin/sabnzbdplus --config-file /config --server 0.0.0.0:8080
2017-07-16 20:40:08,996::INFO::[sabnzbdplus:1179] Preferred encoding = UTF-8
2017-07-16 20:40:08,996::INFO::[sabnzbdplus:1220] Read INI file /config/sabnzbd.ini
2017-07-16 20:40:08,997::INFO::[misc:497] download_dir directory: /config/sonarr/Downloads/incomplete does not exist, try to create it
2017-07-16 20:40:09,004::INFO::[__init__:989] Loading data for rss_data.sab from /config/admin/rss_data.sab
2017-07-16 20:40:09,005::INFO::[__init__:989] Loading data for totals10.sab from /config/admin/totals10.sab
2017-07-16 20:40:09,006::INFO::[postproc:95] Loading postproc queue
2017-07-16 20:40:09,006::INFO::[__init__:989] Loading data for postproc2.sab from /config/admin/postproc2.sab
2017-07-16 20:40:09,006::INFO::[__init__:989] Loading data for queue10.sab from /config/admin/queue10.sab
2017-07-16 20:40:09,007::INFO::[__init__:989] Loading data for watched_data2.sab from /config/admin/watched_data2.sab
2017-07-16 20:40:09,007::INFO::[__init__:989] Loading data for Rating.sab from /config/admin/Rating.sab
2017-07-16 20:40:09,008::INFO::[__init__:992] /config/admin/Rating.sab missing
2017-07-16 20:40:09,008::INFO::[scheduler:187] Setting schedule for midnight BPS reset
2017-07-16 20:40:09,009::INFO::[__init__:345] All processes started
2017-07-16 20:40:09,009::INFO::[sabnzbdplus:284] Web dir is /usr/share/sabnzbdplus/interfaces/Glitter
2017-07-16 20:40:09,009::INFO::[sabnzbdplus:284] Web dir is /usr/share/sabnzbdplus/interfaces/Config
2017-07-16 20:40:09,013::ERROR::[config:849] Cannot create backup file for /config/sabnzbd.ini.bak
2017-07-16 20:40:09,014::INFO::[config:850] Traceback: 
Traceback (most recent call last):
  File "/usr/share/sabnzbdplus/sabnzbd/config.py", line 846, in save_config
    shutil.copymode(filename, bakname)
  File "/usr/lib/python2.7/shutil.py", line 91, in copymode
    os.chmod(dst, mode)
OSError: [Errno 1] Operation not permitted: '/config/sabnzbd.ini.bak'
2017-07-16 20:40:09,033::INFO::[sabnzbdplus:395] SABYenc module (v3.0.2)... found!
2017-07-16 20:40:09,033::INFO::[sabnzbdplus:412] Cryptography module (v1.2.3)... found!
2017-07-16 20:40:09,034::INFO::[sabnzbdplus:417] par2 binary... found (/usr/bin/par2)
2017-07-16 20:40:09,034::INFO::[sabnzbdplus:422] par2cmdline binary... found (/usr/bin/par2)
2017-07-16 20:40:09,034::INFO::[sabnzbdplus:428] UNRAR binary... found (/usr/bin/unrar)
2017-07-16 20:40:09,034::INFO::[sabnzbdplus:441] unzip binary... found (/usr/bin/unzip)
2017-07-16 20:40:09,034::INFO::[sabnzbdplus:446] 7za binary... found (/usr/bin/7za)
2017-07-16 20:40:09,034::INFO::[sabnzbdplus:452] nice binary... found (/usr/bin/nice)
2017-07-16 20:40:09,034::INFO::[sabnzbdplus:456] ionice binary... found (/usr/bin/ionice)
2017-07-16 20:40:09,035::INFO::[sabnzbdplus:1265] SSL version OpenSSL 1.0.2g  1 Mar 2016
2017-07-16 20:40:09,035::INFO::[sabnzbdplus:1266] SSL supported protocols ['TLS v1.2', 'TLS v1.1', 'TLS v1']
2017-07-16 20:40:09,036::INFO::[sabnzbdplus:1377] Starting web-interface on 0.0.0.0:8080
2017-07-16 20:40:09,036::INFO::[_cplogging:219] [16/Jul/2017:20:40:09] ENGINE Bus STARTING
2017-07-16 20:40:09,038::INFO::[_cplogging:219] [16/Jul/2017:20:40:09] ENGINE Started monitor thread '_TimeoutMonitor'.
2017-07-16 20:40:09,181::INFO::[_cplogging:219] [16/Jul/2017:20:40:09] ENGINE Serving on http://0.0.0.0:8080
2017-07-16 20:40:09,182::INFO::[_cplogging:219] [16/Jul/2017:20:40:09] ENGINE Bus STARTED
2017-07-16 20:40:09,182::INFO::[sabnzbdplus:1415] Starting sabnzbdplus-2.1.0
2017-07-16 20:40:09,187::INFO::[dirscanner:316] Dirscanner starting up
2017-07-16 20:40:09,195::INFO::[urlgrabber:72] URLGrabber starting up
2017-07-16 20:40:09,196::INFO::[panic:242] Launching browser with http://127.0.0.1:8080/sabnzbd
2017-07-16 20:40:09,196::INFO::[postproc:176] Completed Download Folder /config/sonarr/Downloads/complete is not on FAT
2017-07-16 20:42:34,419::WARNING::[__init__:184] Signal 15 caught, saving and exiting...
2017-07-16 20:42:34,420::INFO::[nzbqueue:254] Saving queue
2017-07-16 20:42:34,420::INFO::[__init__:965] Saving data for queue10.sab in /config/admin/queue10.sab
2017-07-16 20:42:34,421::INFO::[__init__:965] Saving data for totals10.sab in /config/admin/totals10.sab
2017-07-16 20:42:34,421::INFO::[__init__:965] Saving data for rss_data.sab in /config/admin/rss_data.sab
2017-07-16 20:42:34,421::INFO::[__init__:965] Saving data for watched_data2.sab in /config/admin/watched_data2.sab
2017-07-16 20:42:34,422::INFO::[postproc:89] Saving postproc queue
2017-07-16 20:42:34,422::INFO::[__init__:965] Saving data for postproc2.sab in /config/admin/postproc2.sab
2017-07-16 20:42:47,037::INFO::[sabnzbdplus:1158] --------------------------------
2017-07-16 20:42:47,037::INFO::[sabnzbdplus:1159] sabnzbdplus-2.1.0 (rev=443efb5eda00e165e7d0459824989a6300ec458c)
2017-07-16 20:42:47,037::INFO::[sabnzbdplus:1160] Full executable path = /usr/bin/sabnzbdplus
2017-07-16 20:42:47,037::INFO::[sabnzbdplus:1172] Platform = posix
2017-07-16 20:42:47,038::INFO::[sabnzbdplus:1173] Python-version = 2.7.12 (default, Nov 19 2016, 06:48:10) 
[GCC 5.4.0 20160609]
2017-07-16 20:42:47,038::INFO::[sabnzbdplus:1174] Arguments = /usr/bin/sabnzbdplus --config-file /config --server 0.0.0.0:8080
2017-07-16 20:42:47,038::INFO::[sabnzbdplus:1179] Preferred encoding = UTF-8
2017-07-16 20:42:47,038::INFO::[sabnzbdplus:1220] Read INI file /config/sabnzbd.ini
2017-07-16 20:42:47,038::ERROR::[misc:506] download_dir directory: /config/Downloads/incomplete error accessing
2017-07-16 20:42:47,039::INFO::[__init__:989] Loading data for rss_data.sab from /config/admin/rss_data.sab
2017-07-16 20:42:47,039::INFO::[__init__:989] Loading data for totals10.sab from /config/admin/totals10.sab
2017-07-16 20:42:47,040::INFO::[postproc:95] Loading postproc queue
2017-07-16 20:42:47,040::INFO::[__init__:989] Loading data for postproc2.sab from /config/admin/postproc2.sab
2017-07-16 20:42:47,040::INFO::[__init__:989] Loading data for queue10.sab from /config/admin/queue10.sab
2017-07-16 20:42:47,040::INFO::[__init__:989] Loading data for watched_data2.sab from /config/admin/watched_data2.sab
2017-07-16 20:42:47,041::INFO::[__init__:989] Loading data for Rating.sab from /config/admin/Rating.sab
2017-07-16 20:42:47,041::INFO::[__init__:992] /config/admin/Rating.sab missing
2017-07-16 20:42:47,041::INFO::[scheduler:187] Setting schedule for midnight BPS reset
2017-07-16 20:42:47,041::INFO::[__init__:345] All processes started
2017-07-16 20:42:47,041::INFO::[sabnzbdplus:284] Web dir is /usr/share/sabnzbdplus/interfaces/Glitter
2017-07-16 20:42:47,042::INFO::[sabnzbdplus:284] Web dir is /usr/share/sabnzbdplus/interfaces/Config
2017-07-16 20:42:47,044::ERROR::[config:849] Cannot create backup file for /config/sabnzbd.ini.bak
2017-07-16 20:42:47,045::INFO::[config:850] Traceback: 
Traceback (most recent call last):
  File "/usr/share/sabnzbdplus/sabnzbd/config.py", line 846, in save_config
    shutil.copymode(filename, bakname)
  File "/usr/lib/python2.7/shutil.py", line 91, in copymode
    os.chmod(dst, mode)
OSError: [Errno 1] Operation not permitted: '/config/sabnzbd.ini.bak'
2017-07-16 20:42:47,058::INFO::[sabnzbdplus:395] SABYenc module (v3.0.2)... found!
2017-07-16 20:42:47,058::INFO::[sabnzbdplus:412] Cryptography module (v1.2.3)... found!
2017-07-16 20:42:47,058::INFO::[sabnzbdplus:417] par2 binary... found (/usr/bin/par2)
2017-07-16 20:42:47,059::INFO::[sabnzbdplus:422] par2cmdline binary... found (/usr/bin/par2)
2017-07-16 20:42:47,059::INFO::[sabnzbdplus:428] UNRAR binary... found (/usr/bin/unrar)
2017-07-16 20:42:47,059::INFO::[sabnzbdplus:441] unzip binary... found (/usr/bin/unzip)
2017-07-16 20:42:47,059::INFO::[sabnzbdplus:446] 7za binary... found (/usr/bin/7za)
2017-07-16 20:42:47,059::INFO::[sabnzbdplus:452] nice binary... found (/usr/bin/nice)
2017-07-16 20:42:47,059::INFO::[sabnzbdplus:456] ionice binary... found (/usr/bin/ionice)
2017-07-16 20:42:47,059::INFO::[sabnzbdplus:1265] SSL version OpenSSL 1.0.2g  1 Mar 2016
2017-07-16 20:42:47,060::INFO::[sabnzbdplus:1266] SSL supported protocols ['TLS v1.2', 'TLS v1.1', 'TLS v1']
2017-07-16 20:42:47,061::INFO::[sabnzbdplus:1377] Starting web-interface on 0.0.0.0:8080
2017-07-16 20:42:47,061::INFO::[_cplogging:219] [16/Jul/2017:20:42:47] ENGINE Bus STARTING
2017-07-16 20:42:47,063::INFO::[_cplogging:219] [16/Jul/2017:20:42:47] ENGINE Started monitor thread '_TimeoutMonitor'.
2017-07-16 20:42:47,305::INFO::[_cplogging:219] [16/Jul/2017:20:42:47] ENGINE Serving on http://0.0.0.0:8080
2017-07-16 20:42:47,305::INFO::[_cplogging:219] [16/Jul/2017:20:42:47] ENGINE Bus STARTED
2017-07-16 20:42:47,307::INFO::[sabnzbdplus:1415] Starting sabnzbdplus-2.1.0
2017-07-16 20:42:47,319::INFO::[postproc:176] Completed Download Folder /config/Downloads/complete is not on FAT
2017-07-16 20:42:47,321::INFO::[dirscanner:316] Dirscanner starting up
2017-07-16 20:42:47,322::INFO::[panic:242] Launching browser with http://127.0.0.1:8080/sabnzbd
2017-07-16 20:42:47,324::INFO::[urlgrabber:72] URLGrabber starting up
2017-07-16 20:44:53,562::WARNING::[__init__:184] Signal 15 caught, saving and exiting...
2017-07-16 20:44:53,562::INFO::[nzbqueue:254] Saving queue
2017-07-16 20:44:53,562::INFO::[__init__:965] Saving data for queue10.sab in /config/admin/queue10.sab
2017-07-16 20:44:53,562::INFO::[__init__:965] Saving data for totals10.sab in /config/admin/totals10.sab
2017-07-16 20:44:53,563::INFO::[__init__:965] Saving data for rss_data.sab in /config/admin/rss_data.sab
2017-07-16 20:44:53,563::INFO::[__init__:965] Saving data for watched_data2.sab in /config/admin/watched_data2.sab
2017-07-16 20:44:53,563::INFO::[postproc:89] Saving postproc queue
2017-07-16 20:44:53,563::INFO::[__init__:965] Saving data for postproc2.sab in /config/admin/postproc2.sab
2017-07-16 20:45:06,437::INFO::[sabnzbdplus:1158] --------------------------------
2017-07-16 20:45:06,437::INFO::[sabnzbdplus:1159] sabnzbdplus-2.1.0 (rev=443efb5eda00e165e7d0459824989a6300ec458c)
2017-07-16 20:45:06,437::INFO::[sabnzbdplus:1160] Full executable path = /usr/bin/sabnzbdplus
2017-07-16 20:45:06,437::INFO::[sabnzbdplus:1172] Platform = posix
2017-07-16 20:45:06,437::INFO::[sabnzbdplus:1173] Python-version = 2.7.12 (default, Nov 19 2016, 06:48:10) 
[GCC 5.4.0 20160609]
2017-07-16 20:45:06,438::INFO::[sabnzbdplus:1174] Arguments = /usr/bin/sabnzbdplus --config-file /config --server 0.0.0.0:8080
2017-07-16 20:45:06,438::INFO::[sabnzbdplus:1179] Preferred encoding = UTF-8
2017-07-16 20:45:06,438::INFO::[sabnzbdplus:1220] Read INI file /config/sabnzbd.ini
2017-07-16 20:45:06,438::ERROR::[misc:506] download_dir directory: /config/Downloads/incomplete error accessing
2017-07-16 20:45:06,439::INFO::[__init__:989] Loading data for rss_data.sab from /config/admin/rss_data.sab
2017-07-16 20:45:06,439::INFO::[__init__:989] Loading data for totals10.sab from /config/admin/totals10.sab
2017-07-16 20:45:06,440::INFO::[postproc:95] Loading postproc queue
2017-07-16 20:45:06,440::INFO::[__init__:989] Loading data for postproc2.sab from /config/admin/postproc2.sab
2017-07-16 20:45:06,440::INFO::[__init__:989] Loading data for queue10.sab from /config/admin/queue10.sab
2017-07-16 20:45:06,440::INFO::[__init__:989] Loading data for watched_data2.sab from /config/admin/watched_data2.sab
2017-07-16 20:45:06,441::INFO::[__init__:989] Loading data for Rating.sab from /config/admin/Rating.sab
2017-07-16 20:45:06,441::INFO::[__init__:992] /config/admin/Rating.sab missing
2017-07-16 20:45:06,441::INFO::[scheduler:187] Setting schedule for midnight BPS reset
2017-07-16 20:45:06,441::INFO::[__init__:345] All processes started
2017-07-16 20:45:06,441::INFO::[sabnzbdplus:284] Web dir is /usr/share/sabnzbdplus/interfaces/Glitter
2017-07-16 20:45:06,442::INFO::[sabnzbdplus:284] Web dir is /usr/share/sabnzbdplus/interfaces/Config
2017-07-16 20:45:06,444::ERROR::[config:849] Cannot create backup file for /config/sabnzbd.ini.bak
2017-07-16 20:45:06,445::INFO::[config:850] Traceback: 
Traceback (most recent call last):
  File "/usr/share/sabnzbdplus/sabnzbd/config.py", line 846, in save_config
    shutil.copymode(filename, bakname)
  File "/usr/lib/python2.7/shutil.py", line 91, in copymode
    os.chmod(dst, mode)
OSError: [Errno 1] Operation not permitted: '/config/sabnzbd.ini.bak'
2017-07-16 20:45:06,459::INFO::[sabnzbdplus:395] SABYenc module (v3.0.2)... found!
2017-07-16 20:45:06,460::INFO::[sabnzbdplus:412] Cryptography module (v1.2.3)... found!
2017-07-16 20:45:06,460::INFO::[sabnzbdplus:417] par2 binary... found (/usr/bin/par2)
2017-07-16 20:45:06,460::INFO::[sabnzbdplus:422] par2cmdline binary... found (/usr/bin/par2)
2017-07-16 20:45:06,460::INFO::[sabnzbdplus:428] UNRAR binary... found (/usr/bin/unrar)
2017-07-16 20:45:06,460::INFO::[sabnzbdplus:441] unzip binary... found (/usr/bin/unzip)
2017-07-16 20:45:06,460::INFO::[sabnzbdplus:446] 7za binary... found (/usr/bin/7za)
2017-07-16 20:45:06,461::INFO::[sabnzbdplus:452] nice binary... found (/usr/bin/nice)
2017-07-16 20:45:06,461::INFO::[sabnzbdplus:456] ionice binary... found (/usr/bin/ionice)
2017-07-16 20:45:06,461::INFO::[sabnzbdplus:1265] SSL version OpenSSL 1.0.2g  1 Mar 2016
2017-07-16 20:45:06,461::INFO::[sabnzbdplus:1266] SSL supported protocols ['TLS v1.2', 'TLS v1.1', 'TLS v1']
2017-07-16 20:45:06,462::INFO::[sabnzbdplus:1377] Starting web-interface on 0.0.0.0:8080
2017-07-16 20:45:06,462::INFO::[_cplogging:219] [16/Jul/2017:20:45:06] ENGINE Bus STARTING
2017-07-16 20:45:06,464::INFO::[_cplogging:219] [16/Jul/2017:20:45:06] ENGINE Started monitor thread '_TimeoutMonitor'.
2017-07-16 20:45:06,601::INFO::[_cplogging:219] [16/Jul/2017:20:45:06] ENGINE Serving on http://0.0.0.0:8080
2017-07-16 20:45:06,602::INFO::[_cplogging:219] [16/Jul/2017:20:45:06] ENGINE Bus STARTED
2017-07-16 20:45:06,602::INFO::[sabnzbdplus:1415] Starting sabnzbdplus-2.1.0
2017-07-16 20:45:06,613::INFO::[postproc:176] Completed Download Folder /config/Downloads/complete is not on FAT
2017-07-16 20:45:06,613::INFO::[dirscanner:316] Dirscanner starting up
2017-07-16 20:45:06,616::INFO::[panic:242] Launching browser with http://127.0.0.1:8080/sabnzbd
2017-07-16 20:45:06,616::INFO::[urlgrabber:72] URLGrabber starting up
2017-07-16 20:59:44,249::WARNING::[__init__:184] Signal 15 caught, saving and exiting...
2017-07-16 20:59:44,250::INFO::[nzbqueue:254] Saving queue
2017-07-16 20:59:44,250::INFO::[__init__:965] Saving data for queue10.sab in /config/admin/queue10.sab
2017-07-16 20:59:44,251::INFO::[__init__:965] Saving data for totals10.sab in /config/admin/totals10.sab
2017-07-16 20:59:44,251::INFO::[__init__:965] Saving data for rss_data.sab in /config/admin/rss_data.sab
2017-07-16 20:59:44,252::INFO::[__init__:965] Saving data for watched_data2.sab in /config/admin/watched_data2.sab
2017-07-16 20:59:44,252::INFO::[postproc:89] Saving postproc queue
2017-07-16 20:59:44,252::INFO::[__init__:965] Saving data for postproc2.sab in /config/admin/postproc2.sab
2017-07-16 21:09:00,661::INFO::[sabnzbdplus:1158] --------------------------------
2017-07-16 21:09:00,662::INFO::[sabnzbdplus:1159] sabnzbdplus-2.1.0 (rev=443efb5eda00e165e7d0459824989a6300ec458c)
2017-07-16 21:09:00,662::INFO::[sabnzbdplus:1160] Full executable path = /usr/bin/sabnzbdplus
2017-07-16 21:09:00,662::INFO::[sabnzbdplus:1172] Platform = posix
2017-07-16 21:09:00,662::INFO::[sabnzbdplus:1173] Python-version = 2.7.12 (default, Nov 19 2016, 06:48:10) 
[GCC 5.4.0 20160609]
2017-07-16 21:09:00,662::INFO::[sabnzbdplus:1174] Arguments = /usr/bin/sabnzbdplus --config-file /config --server 0.0.0.0:8080
2017-07-16 21:09:00,663::INFO::[sabnzbdplus:1179] Preferred encoding = UTF-8
2017-07-16 21:09:00,663::INFO::[sabnzbdplus:1220] Read INI file /config/sabnzbd.ini
2017-07-16 21:09:00,663::ERROR::[misc:506] download_dir directory: /config/Downloads/incomplete error accessing
2017-07-16 21:09:00,664::INFO::[__init__:989] Loading data for rss_data.sab from /config/admin/rss_data.sab
2017-07-16 21:09:00,664::INFO::[__init__:989] Loading data for totals10.sab from /config/admin/totals10.sab
2017-07-16 21:09:00,665::INFO::[postproc:95] Loading postproc queue
2017-07-16 21:09:00,665::INFO::[__init__:989] Loading data for postproc2.sab from /config/admin/postproc2.sab
2017-07-16 21:09:00,665::INFO::[__init__:989] Loading data for queue10.sab from /config/admin/queue10.sab
2017-07-16 21:09:00,666::INFO::[__init__:989] Loading data for watched_data2.sab from /config/admin/watched_data2.sab
2017-07-16 21:09:00,666::INFO::[__init__:989] Loading data for Rating.sab from /config/admin/Rating.sab
2017-07-16 21:09:00,666::INFO::[__init__:992] /config/admin/Rating.sab missing
2017-07-16 21:09:00,666::INFO::[scheduler:187] Setting schedule for midnight BPS reset
2017-07-16 21:09:00,667::INFO::[__init__:345] All processes started
2017-07-16 21:09:00,667::INFO::[sabnzbdplus:284] Web dir is /usr/share/sabnzbdplus/interfaces/Glitter
2017-07-16 21:09:00,667::INFO::[sabnzbdplus:284] Web dir is /usr/share/sabnzbdplus/interfaces/Config
2017-07-16 21:09:00,669::ERROR::[config:849] Cannot create backup file for /config/sabnzbd.ini.bak
2017-07-16 21:09:00,670::INFO::[config:850] Traceback: 
Traceback (most recent call last):
  File "/usr/share/sabnzbdplus/sabnzbd/config.py", line 846, in save_config
    shutil.copymode(filename, bakname)
  File "/usr/lib/python2.7/shutil.py", line 91, in copymode
    os.chmod(dst, mode)
OSError: [Errno 1] Operation not permitted: '/config/sabnzbd.ini.bak'
2017-07-16 21:09:00,688::INFO::[sabnzbdplus:395] SABYenc module (v3.0.2)... found!
2017-07-16 21:09:00,688::INFO::[sabnzbdplus:412] Cryptography module (v1.2.3)... found!
2017-07-16 21:09:00,689::INFO::[sabnzbdplus:417] par2 binary... found (/usr/bin/par2)
2017-07-16 21:09:00,689::INFO::[sabnzbdplus:422] par2cmdline binary... found (/usr/bin/par2)
2017-07-16 21:09:00,689::INFO::[sabnzbdplus:428] UNRAR binary... found (/usr/bin/unrar)
2017-07-16 21:09:00,689::INFO::[sabnzbdplus:441] unzip binary... found (/usr/bin/unzip)
2017-07-16 21:09:00,690::INFO::[sabnzbdplus:446] 7za binary... found (/usr/bin/7za)
2017-07-16 21:09:00,690::INFO::[sabnzbdplus:452] nice binary... found (/usr/bin/nice)
2017-07-16 21:09:00,690::INFO::[sabnzbdplus:456] ionice binary... found (/usr/bin/ionice)
2017-07-16 21:09:00,690::INFO::[sabnzbdplus:1265] SSL version OpenSSL 1.0.2g  1 Mar 2016
2017-07-16 21:09:00,691::INFO::[sabnzbdplus:1266] SSL supported protocols ['TLS v1.2', 'TLS v1.1', 'TLS v1']
2017-07-16 21:09:00,692::INFO::[sabnzbdplus:1377] Starting web-interface on 0.0.0.0:8080
2017-07-16 21:09:00,692::INFO::[_cplogging:219] [16/Jul/2017:21:09:00] ENGINE Bus STARTING
2017-07-16 21:09:00,694::INFO::[_cplogging:219] [16/Jul/2017:21:09:00] ENGINE Started monitor thread '_TimeoutMonitor'.
2017-07-16 21:09:00,947::INFO::[_cplogging:219] [16/Jul/2017:21:09:00] ENGINE Serving on http://0.0.0.0:8080
2017-07-16 21:09:00,954::INFO::[_cplogging:219] [16/Jul/2017:21:09:00] ENGINE Bus STARTED
2017-07-16 21:09:00,955::INFO::[sabnzbdplus:1415] Starting sabnzbdplus-2.1.0
2017-07-16 21:09:00,961::INFO::[dirscanner:316] Dirscanner starting up
2017-07-16 21:09:00,962::INFO::[urlgrabber:72] URLGrabber starting up
2017-07-16 21:09:00,962::INFO::[panic:242] Launching browser with http://127.0.0.1:8080/sabnzbd
2017-07-16 21:09:00,964::INFO::[postproc:176] Completed Download Folder /config/Downloads/complete is not on FAT
2017-07-16 21:10:42,498::WARNING::[__init__:184] Signal 15 caught, saving and exiting...
2017-07-16 21:10:43,101::INFO::[nzbqueue:254] Saving queue
2017-07-16 21:10:43,125::INFO::[__init__:965] Saving data for queue10.sab in /config/admin/queue10.sab
2017-07-16 21:10:43,154::INFO::[__init__:965] Saving data for totals10.sab in /config/admin/totals10.sab
2017-07-16 21:10:43,155::INFO::[__init__:965] Saving data for rss_data.sab in /config/admin/rss_data.sab
2017-07-16 21:10:43,155::INFO::[__init__:965] Saving data for watched_data2.sab in /config/admin/watched_data2.sab
2017-07-16 21:10:43,156::INFO::[postproc:89] Saving postproc queue
2017-07-16 21:10:43,156::INFO::[__init__:965] Saving data for postproc2.sab in /config/admin/postproc2.sab
2017-07-16 21:10:55,923::INFO::[sabnzbdplus:1158] --------------------------------
2017-07-16 21:10:55,923::INFO::[sabnzbdplus:1159] sabnzbdplus-2.1.0 (rev=443efb5eda00e165e7d0459824989a6300ec458c)
2017-07-16 21:10:55,924::INFO::[sabnzbdplus:1160] Full executable path = /usr/bin/sabnzbdplus
2017-07-16 21:10:55,924::INFO::[sabnzbdplus:1172] Platform = posix
2017-07-16 21:10:55,924::INFO::[sabnzbdplus:1173] Python-version = 2.7.12 (default, Nov 19 2016, 06:48:10) 
[GCC 5.4.0 20160609]
2017-07-16 21:10:55,925::INFO::[sabnzbdplus:1174] Arguments = /usr/bin/sabnzbdplus --config-file /config --server 0.0.0.0:8080
2017-07-16 21:10:55,925::INFO::[sabnzbdplus:1179] Preferred encoding = UTF-8
2017-07-16 21:10:55,925::INFO::[sabnzbdplus:1220] Read INI file /config/sabnzbd.ini
2017-07-16 21:10:55,927::ERROR::[misc:506] download_dir directory: /config/Downloads/incomplete error accessing
2017-07-16 21:10:55,928::INFO::[__init__:989] Loading data for rss_data.sab from /config/admin/rss_data.sab
2017-07-16 21:10:55,928::INFO::[__init__:989] Loading data for totals10.sab from /config/admin/totals10.sab
2017-07-16 21:10:55,928::INFO::[postproc:95] Loading postproc queue
2017-07-16 21:10:55,928::INFO::[__init__:989] Loading data for postproc2.sab from /config/admin/postproc2.sab
2017-07-16 21:10:55,929::INFO::[__init__:989] Loading data for queue10.sab from /config/admin/queue10.sab
2017-07-16 21:10:55,929::INFO::[__init__:989] Loading data for watched_data2.sab from /config/admin/watched_data2.sab
2017-07-16 21:10:55,929::INFO::[__init__:989] Loading data for Rating.sab from /config/admin/Rating.sab
2017-07-16 21:10:55,929::INFO::[__init__:992] /config/admin/Rating.sab missing
2017-07-16 21:10:55,930::INFO::[scheduler:187] Setting schedule for midnight BPS reset
2017-07-16 21:10:55,930::INFO::[__init__:345] All processes started
2017-07-16 21:10:55,930::INFO::[sabnzbdplus:284] Web dir is /usr/share/sabnzbdplus/interfaces/Glitter
2017-07-16 21:10:55,930::INFO::[sabnzbdplus:284] Web dir is /usr/share/sabnzbdplus/interfaces/Config
2017-07-16 21:10:55,934::ERROR::[config:849] Cannot create backup file for /config/sabnzbd.ini.bak
2017-07-16 21:10:55,935::INFO::[config:850] Traceback: 
Traceback (most recent call last):
  File "/usr/share/sabnzbdplus/sabnzbd/config.py", line 846, in save_config
    shutil.copymode(filename, bakname)
  File "/usr/lib/python2.7/shutil.py", line 91, in copymode
    os.chmod(dst, mode)
OSError: [Errno 1] Operation not permitted: '/config/sabnzbd.ini.bak'
2017-07-16 21:10:55,999::INFO::[sabnzbdplus:395] SABYenc module (v3.0.2)... found!
2017-07-16 21:10:56,000::INFO::[sabnzbdplus:412] Cryptography module (v1.2.3)... found!
2017-07-16 21:10:56,000::INFO::[sabnzbdplus:417] par2 binary... found (/usr/bin/par2)
2017-07-16 21:10:56,001::INFO::[sabnzbdplus:422] par2cmdline binary... found (/usr/bin/par2)
2017-07-16 21:10:56,001::INFO::[sabnzbdplus:428] UNRAR binary... found (/usr/bin/unrar)
2017-07-16 21:10:56,002::INFO::[sabnzbdplus:441] unzip binary... found (/usr/bin/unzip)
2017-07-16 21:10:56,002::INFO::[sabnzbdplus:446] 7za binary... found (/usr/bin/7za)
2017-07-16 21:10:56,003::INFO::[sabnzbdplus:452] nice binary... found (/usr/bin/nice)
2017-07-16 21:10:56,003::INFO::[sabnzbdplus:456] ionice binary... found (/usr/bin/ionice)
2017-07-16 21:10:56,004::INFO::[sabnzbdplus:1265] SSL version OpenSSL 1.0.2g  1 Mar 2016
2017-07-16 21:10:56,004::INFO::[sabnzbdplus:1266] SSL supported protocols ['TLS v1.2', 'TLS v1.1', 'TLS v1']
2017-07-16 21:10:56,006::INFO::[sabnzbdplus:1377] Starting web-interface on 0.0.0.0:8080
2017-07-16 21:10:56,007::INFO::[_cplogging:219] [16/Jul/2017:21:10:56] ENGINE Bus STARTING
2017-07-16 21:10:56,010::INFO::[_cplogging:219] [16/Jul/2017:21:10:56] ENGINE Started monitor thread '_TimeoutMonitor'.
2017-07-16 21:10:56,186::INFO::[_cplogging:219] [16/Jul/2017:21:10:56] ENGINE Serving on http://0.0.0.0:8080
2017-07-16 21:10:56,186::INFO::[_cplogging:219] [16/Jul/2017:21:10:56] ENGINE Bus STARTED
2017-07-16 21:10:56,188::INFO::[sabnzbdplus:1415] Starting sabnzbdplus-2.1.0
2017-07-16 21:10:56,194::INFO::[dirscanner:316] Dirscanner starting up
2017-07-16 21:10:56,195::INFO::[panic:242] Launching browser with http://127.0.0.1:8080/sabnzbd
2017-07-16 21:10:56,196::INFO::[urlgrabber:72] URLGrabber starting up
2017-07-16 21:10:56,217::INFO::[postproc:176] Completed Download Folder /config/Downloads/complete is not on FAT
2017-07-16 21:18:38,983::WARNING::[__init__:184] Signal 15 caught, saving and exiting...
2017-07-16 21:18:38,983::INFO::[nzbqueue:254] Saving queue
2017-07-16 21:18:38,984::INFO::[__init__:965] Saving data for queue10.sab in /config/admin/queue10.sab
2017-07-16 21:18:38,984::INFO::[__init__:965] Saving data for totals10.sab in /config/admin/totals10.sab
2017-07-16 21:18:38,984::INFO::[__init__:965] Saving data for rss_data.sab in /config/admin/rss_data.sab
2017-07-16 21:18:38,985::INFO::[__init__:965] Saving data for watched_data2.sab in /config/admin/watched_data2.sab
2017-07-16 21:18:38,985::INFO::[postproc:89] Saving postproc queue
2017-07-16 21:18:38,985::INFO::[__init__:965] Saving data for postproc2.sab in /config/admin/postproc2.sab
2017-07-16 21:18:52,195::INFO::[sabnzbdplus:1158] --------------------------------
2017-07-16 21:18:52,195::INFO::[sabnzbdplus:1159] sabnzbdplus-2.1.0 (rev=443efb5eda00e165e7d0459824989a6300ec458c)
2017-07-16 21:18:52,195::INFO::[sabnzbdplus:1160] Full executable path = /usr/bin/sabnzbdplus
2017-07-16 21:18:52,196::INFO::[sabnzbdplus:1172] Platform = posix
2017-07-16 21:18:52,196::INFO::[sabnzbdplus:1173] Python-version = 2.7.12 (default, Nov 19 2016, 06:48:10) 
[GCC 5.4.0 20160609]
2017-07-16 21:18:52,196::INFO::[sabnzbdplus:1174] Arguments = /usr/bin/sabnzbdplus --config-file /config --server 0.0.0.0:8080
2017-07-16 21:18:52,196::INFO::[sabnzbdplus:1179] Preferred encoding = UTF-8
2017-07-16 21:18:52,196::INFO::[sabnzbdplus:1220] Read INI file /config/sabnzbd.ini
2017-07-16 21:18:52,197::ERROR::[misc:506] download_dir directory: /config/Downloads/incomplete error accessing
2017-07-16 21:18:52,198::INFO::[__init__:989] Loading data for rss_data.sab from /config/admin/rss_data.sab
2017-07-16 21:18:52,198::INFO::[__init__:989] Loading data for totals10.sab from /config/admin/totals10.sab
2017-07-16 21:18:52,198::INFO::[postproc:95] Loading postproc queue
2017-07-16 21:18:52,198::INFO::[__init__:989] Loading data for postproc2.sab from /config/admin/postproc2.sab
2017-07-16 21:18:52,199::INFO::[__init__:989] Loading data for queue10.sab from /config/admin/queue10.sab
2017-07-16 21:18:52,199::INFO::[__init__:989] Loading data for watched_data2.sab from /config/admin/watched_data2.sab
2017-07-16 21:18:52,199::INFO::[__init__:989] Loading data for Rating.sab from /config/admin/Rating.sab
2017-07-16 21:18:52,199::INFO::[__init__:992] /config/admin/Rating.sab missing
2017-07-16 21:18:52,200::INFO::[scheduler:187] Setting schedule for midnight BPS reset
2017-07-16 21:18:52,200::INFO::[__init__:345] All processes started
2017-07-16 21:18:52,200::INFO::[sabnzbdplus:284] Web dir is /usr/share/sabnzbdplus/interfaces/Glitter
2017-07-16 21:18:52,200::INFO::[sabnzbdplus:284] Web dir is /usr/share/sabnzbdplus/interfaces/Config
2017-07-16 21:18:52,203::ERROR::[config:849] Cannot create backup file for /config/sabnzbd.ini.bak
2017-07-16 21:18:52,203::INFO::[config:850] Traceback: 
Traceback (most recent call last):
  File "/usr/share/sabnzbdplus/sabnzbd/config.py", line 846, in save_config
    shutil.copymode(filename, bakname)
  File "/usr/lib/python2.7/shutil.py", line 91, in copymode
    os.chmod(dst, mode)
OSError: [Errno 1] Operation not permitted: '/config/sabnzbd.ini.bak'
2017-07-16 21:18:52,231::INFO::[sabnzbdplus:395] SABYenc module (v3.0.2)... found!
2017-07-16 21:18:52,231::INFO::[sabnzbdplus:412] Cryptography module (v1.2.3)... found!
2017-07-16 21:18:52,232::INFO::[sabnzbdplus:417] par2 binary... found (/usr/bin/par2)
2017-07-16 21:18:52,232::INFO::[sabnzbdplus:422] par2cmdline binary... found (/usr/bin/par2)
2017-07-16 21:18:52,232::INFO::[sabnzbdplus:428] UNRAR binary... found (/usr/bin/unrar)
2017-07-16 21:18:52,232::INFO::[sabnzbdplus:441] unzip binary... found (/usr/bin/unzip)
2017-07-16 21:18:52,233::INFO::[sabnzbdplus:446] 7za binary... found (/usr/bin/7za)
2017-07-16 21:18:52,233::INFO::[sabnzbdplus:452] nice binary... found (/usr/bin/nice)
2017-07-16 21:18:52,233::INFO::[sabnzbdplus:456] ionice binary... found (/usr/bin/ionice)
2017-07-16 21:18:52,233::INFO::[sabnzbdplus:1265] SSL version OpenSSL 1.0.2g  1 Mar 2016
2017-07-16 21:18:52,234::INFO::[sabnzbdplus:1266] SSL supported protocols ['TLS v1.2', 'TLS v1.1', 'TLS v1']
2017-07-16 21:18:52,236::INFO::[sabnzbdplus:1377] Starting web-interface on 0.0.0.0:8080
2017-07-16 21:18:52,236::INFO::[_cplogging:219] [16/Jul/2017:21:18:52] ENGINE Bus STARTING
2017-07-16 21:18:52,240::INFO::[_cplogging:219] [16/Jul/2017:21:18:52] ENGINE Started monitor thread '_TimeoutMonitor'.
2017-07-16 21:18:52,506::INFO::[_cplogging:219] [16/Jul/2017:21:18:52] ENGINE Serving on http://0.0.0.0:8080
2017-07-16 21:18:52,507::INFO::[_cplogging:219] [16/Jul/2017:21:18:52] ENGINE Bus STARTED
2017-07-16 21:18:52,511::INFO::[sabnzbdplus:1415] Starting sabnzbdplus-2.1.0
2017-07-16 21:18:52,528::INFO::[dirscanner:316] Dirscanner starting up
2017-07-16 21:18:52,529::INFO::[panic:242] Launching browser with http://127.0.0.1:8080/sabnzbd
2017-07-16 21:18:52,529::INFO::[urlgrabber:72] URLGrabber starting up
2017-07-16 21:18:52,532::INFO::[postproc:176] Completed Download Folder /config/Downloads/complete is not on FAT
2017-07-16 21:21:37,275::WARNING::[__init__:184] Signal 15 caught, saving and exiting...
2017-07-16 21:21:37,275::INFO::[nzbqueue:254] Saving queue
2017-07-16 21:21:37,276::INFO::[__init__:965] Saving data for queue10.sab in /config/admin/queue10.sab
2017-07-16 21:21:37,276::INFO::[__init__:965] Saving data for totals10.sab in /config/admin/totals10.sab
2017-07-16 21:21:37,276::INFO::[__init__:965] Saving data for rss_data.sab in /config/admin/rss_data.sab
2017-07-16 21:21:37,277::INFO::[__init__:965] Saving data for watched_data2.sab in /config/admin/watched_data2.sab
2017-07-16 21:21:37,277::INFO::[postproc:89] Saving postproc queue
2017-07-16 21:21:37,277::INFO::[__init__:965] Saving data for postproc2.sab in /config/admin/postproc2.sab
2017-07-16 21:22:35,234::INFO::[sabnzbdplus:1158] --------------------------------
2017-07-16 21:22:35,234::INFO::[sabnzbdplus:1159] sabnzbdplus-2.1.0 (rev=443efb5eda00e165e7d0459824989a6300ec458c)
2017-07-16 21:22:35,235::INFO::[sabnzbdplus:1160] Full executable path = /usr/bin/sabnzbdplus
2017-07-16 21:22:35,235::INFO::[sabnzbdplus:1172] Platform = posix
2017-07-16 21:22:35,235::INFO::[sabnzbdplus:1173] Python-version = 2.7.12 (default, Nov 19 2016, 06:48:10) 
[GCC 5.4.0 20160609]
2017-07-16 21:22:35,236::INFO::[sabnzbdplus:1174] Arguments = /usr/bin/sabnzbdplus --config-file /config --server 0.0.0.0:8080
2017-07-16 21:22:35,236::INFO::[sabnzbdplus:1179] Preferred encoding = UTF-8
2017-07-16 21:22:35,236::INFO::[sabnzbdplus:1220] Read INI file /config/sabnzbd.ini
2017-07-16 21:22:35,237::ERROR::[misc:506] download_dir directory: /config/Downloads/incomplete error accessing
2017-07-16 21:22:35,238::INFO::[__init__:989] Loading data for rss_data.sab from /config/admin/rss_data.sab
2017-07-16 21:22:35,239::INFO::[__init__:989] Loading data for totals10.sab from /config/admin/totals10.sab
2017-07-16 21:22:35,239::INFO::[postproc:95] Loading postproc queue
2017-07-16 21:22:35,240::INFO::[__init__:989] Loading data for postproc2.sab from /config/admin/postproc2.sab
2017-07-16 21:22:35,240::INFO::[__init__:989] Loading data for queue10.sab from /config/admin/queue10.sab
2017-07-16 21:22:35,241::INFO::[__init__:989] Loading data for watched_data2.sab from /config/admin/watched_data2.sab
2017-07-16 21:22:35,241::INFO::[__init__:989] Loading data for Rating.sab from /config/admin/Rating.sab
2017-07-16 21:22:35,241::INFO::[__init__:992] /config/admin/Rating.sab missing
2017-07-16 21:22:35,242::INFO::[scheduler:187] Setting schedule for midnight BPS reset
2017-07-16 21:22:35,242::INFO::[__init__:345] All processes started
2017-07-16 21:22:35,243::INFO::[sabnzbdplus:284] Web dir is /usr/share/sabnzbdplus/interfaces/Glitter
2017-07-16 21:22:35,243::INFO::[sabnzbdplus:284] Web dir is /usr/share/sabnzbdplus/interfaces/Config
2017-07-16 21:22:35,247::ERROR::[config:849] Cannot create backup file for /config/sabnzbd.ini.bak
2017-07-16 21:22:35,248::INFO::[config:850] Traceback: 
Traceback (most recent call last):
  File "/usr/share/sabnzbdplus/sabnzbd/config.py", line 846, in save_config
    shutil.copymode(filename, bakname)
  File "/usr/lib/python2.7/shutil.py", line 91, in copymode
    os.chmod(dst, mode)
OSError: [Errno 1] Operation not permitted: '/config/sabnzbd.ini.bak'
2017-07-16 21:22:35,269::INFO::[sabnzbdplus:395] SABYenc module (v3.0.2)... found!
2017-07-16 21:22:35,269::INFO::[sabnzbdplus:412] Cryptography module (v1.2.3)... found!
2017-07-16 21:22:35,269::INFO::[sabnzbdplus:417] par2 binary... found (/usr/bin/par2)
2017-07-16 21:22:35,270::INFO::[sabnzbdplus:422] par2cmdline binary... found (/usr/bin/par2)
2017-07-16 21:22:35,270::INFO::[sabnzbdplus:428] UNRAR binary... found (/usr/bin/unrar)
2017-07-16 21:22:35,270::INFO::[sabnzbdplus:441] unzip binary... found (/usr/bin/unzip)
2017-07-16 21:22:35,271::INFO::[sabnzbdplus:446] 7za binary... found (/usr/bin/7za)
2017-07-16 21:22:35,271::INFO::[sabnzbdplus:452] nice binary... found (/usr/bin/nice)
2017-07-16 21:22:35,271::INFO::[sabnzbdplus:456] ionice binary... found (/usr/bin/ionice)
2017-07-16 21:22:35,272::INFO::[sabnzbdplus:1265] SSL version OpenSSL 1.0.2g  1 Mar 2016
2017-07-16 21:22:35,272::INFO::[sabnzbdplus:1266] SSL supported protocols ['TLS v1.2', 'TLS v1.1', 'TLS v1']
2017-07-16 21:22:35,274::INFO::[sabnzbdplus:1377] Starting web-interface on 0.0.0.0:8080
2017-07-16 21:22:35,274::INFO::[_cplogging:219] [16/Jul/2017:21:22:35] ENGINE Bus STARTING
2017-07-16 21:22:35,277::INFO::[_cplogging:219] [16/Jul/2017:21:22:35] ENGINE Started monitor thread '_TimeoutMonitor'.
2017-07-16 21:22:35,428::INFO::[_cplogging:219] [16/Jul/2017:21:22:35] ENGINE Serving on http://0.0.0.0:8080
2017-07-16 21:22:35,428::INFO::[_cplogging:219] [16/Jul/2017:21:22:35] ENGINE Bus STARTED
2017-07-16 21:22:35,429::INFO::[sabnzbdplus:1415] Starting sabnzbdplus-2.1.0
2017-07-16 21:22:35,438::INFO::[postproc:176] Completed Download Folder /config/Downloads/complete is not on FAT
2017-07-16 21:22:35,449::INFO::[dirscanner:316] Dirscanner starting up
2017-07-16 21:22:35,451::INFO::[panic:242] Launching browser with http://127.0.0.1:8080/sabnzbd
2017-07-16 21:22:35,452::INFO::[urlgrabber:72] URLGrabber starting up
2017-07-16 21:23:48,610::WARNING::[__init__:184] Signal 15 caught, saving and exiting...
2017-07-16 21:23:48,611::INFO::[nzbqueue:254] Saving queue
2017-07-16 21:23:48,611::INFO::[__init__:965] Saving data for queue10.sab in /config/admin/queue10.sab
2017-07-16 21:23:48,612::INFO::[__init__:965] Saving data for totals10.sab in /config/admin/totals10.sab
2017-07-16 21:23:48,613::INFO::[__init__:965] Saving data for rss_data.sab in /config/admin/rss_data.sab
2017-07-16 21:23:48,613::INFO::[__init__:965] Saving data for watched_data2.sab in /config/admin/watched_data2.sab
2017-07-16 21:23:48,613::INFO::[postproc:89] Saving postproc queue
2017-07-16 21:23:48,614::INFO::[__init__:965] Saving data for postproc2.sab in /config/admin/postproc2.sab
2017-07-16 21:24:01,151::INFO::[sabnzbdplus:1158] --------------------------------
2017-07-16 21:24:01,151::INFO::[sabnzbdplus:1159] sabnzbdplus-2.1.0 (rev=443efb5eda00e165e7d0459824989a6300ec458c)
2017-07-16 21:24:01,152::INFO::[sabnzbdplus:1160] Full executable path = /usr/bin/sabnzbdplus
2017-07-16 21:24:01,152::INFO::[sabnzbdplus:1172] Platform = posix
2017-07-16 21:24:01,152::INFO::[sabnzbdplus:1173] Python-version = 2.7.12 (default, Nov 19 2016, 06:48:10) 
[GCC 5.4.0 20160609]
2017-07-16 21:24:01,152::INFO::[sabnzbdplus:1174] Arguments = /usr/bin/sabnzbdplus --config-file /config --server 0.0.0.0:8080
2017-07-16 21:24:01,152::INFO::[sabnzbdplus:1179] Preferred encoding = UTF-8
2017-07-16 21:24:01,152::INFO::[sabnzbdplus:1220] Read INI file /config/sabnzbd.ini
2017-07-16 21:24:01,153::INFO::[__init__:989] Loading data for rss_data.sab from /config/admin/rss_data.sab
2017-07-16 21:24:01,154::INFO::[__init__:989] Loading data for totals10.sab from /config/admin/totals10.sab
2017-07-16 21:24:01,154::INFO::[postproc:95] Loading postproc queue
2017-07-16 21:24:01,154::INFO::[__init__:989] Loading data for postproc2.sab from /config/admin/postproc2.sab
2017-07-16 21:24:01,155::INFO::[__init__:989] Loading data for queue10.sab from /config/admin/queue10.sab
2017-07-16 21:24:01,155::INFO::[__init__:989] Loading data for watched_data2.sab from /config/admin/watched_data2.sab
2017-07-16 21:24:01,155::INFO::[__init__:989] Loading data for Rating.sab from /config/admin/Rating.sab
2017-07-16 21:24:01,155::INFO::[__init__:992] /config/admin/Rating.sab missing
2017-07-16 21:24:01,156::INFO::[scheduler:187] Setting schedule for midnight BPS reset
2017-07-16 21:24:01,163::INFO::[__init__:345] All processes started
2017-07-16 21:24:01,163::INFO::[sabnzbdplus:284] Web dir is /usr/share/sabnzbdplus/interfaces/Glitter
2017-07-16 21:24:01,164::INFO::[sabnzbdplus:284] Web dir is /usr/share/sabnzbdplus/interfaces/Config
2017-07-16 21:24:01,183::INFO::[sabnzbdplus:395] SABYenc module (v3.0.2)... found!
2017-07-16 21:24:01,183::INFO::[sabnzbdplus:412] Cryptography module (v1.2.3)... found!
2017-07-16 21:24:01,183::INFO::[sabnzbdplus:417] par2 binary... found (/usr/bin/par2)
2017-07-16 21:24:01,184::INFO::[sabnzbdplus:422] par2cmdline binary... found (/usr/bin/par2)
2017-07-16 21:24:01,184::INFO::[sabnzbdplus:428] UNRAR binary... found (/usr/bin/unrar)
2017-07-16 21:24:01,184::INFO::[sabnzbdplus:441] unzip binary... found (/usr/bin/unzip)
2017-07-16 21:24:01,184::INFO::[sabnzbdplus:446] 7za binary... found (/usr/bin/7za)
2017-07-16 21:24:01,184::INFO::[sabnzbdplus:452] nice binary... found (/usr/bin/nice)
2017-07-16 21:24:01,184::INFO::[sabnzbdplus:456] ionice binary... found (/usr/bin/ionice)
2017-07-16 21:24:01,184::INFO::[sabnzbdplus:1265] SSL version OpenSSL 1.0.2g  1 Mar 2016
2017-07-16 21:24:01,185::INFO::[sabnzbdplus:1266] SSL supported protocols ['TLS v1.2', 'TLS v1.1', 'TLS v1']
2017-07-16 21:24:01,186::INFO::[sabnzbdplus:1377] Starting web-interface on 0.0.0.0:8080
2017-07-16 21:24:01,186::INFO::[_cplogging:219] [16/Jul/2017:21:24:01] ENGINE Bus STARTING
2017-07-16 21:24:01,188::INFO::[_cplogging:219] [16/Jul/2017:21:24:01] ENGINE Started monitor thread '_TimeoutMonitor'.
2017-07-16 21:24:01,329::INFO::[_cplogging:219] [16/Jul/2017:21:24:01] ENGINE Serving on http://0.0.0.0:8080
2017-07-16 21:24:01,329::INFO::[_cplogging:219] [16/Jul/2017:21:24:01] ENGINE Bus STARTED
2017-07-16 21:24:01,330::INFO::[sabnzbdplus:1415] Starting sabnzbdplus-2.1.0
2017-07-16 21:24:01,338::INFO::[postproc:176] Completed Download Folder /config/Downloads/complete is not on FAT
2017-07-16 21:24:01,338::INFO::[dirscanner:316] Dirscanner starting up
2017-07-16 21:24:01,348::INFO::[panic:242] Launching browser with http://127.0.0.1:8080/sabnzbd
2017-07-16 21:24:01,348::INFO::[urlgrabber:72] URLGrabber starting up
2017-07-18 12:41:47,682::INFO::[sabnzbdplus:1158] --------------------------------
2017-07-18 12:41:47,682::INFO::[sabnzbdplus:1159] sabnzbdplus-2.1.0 (rev=443efb5eda00e165e7d0459824989a6300ec458c)
2017-07-18 12:41:47,682::INFO::[sabnzbdplus:1160] Full executable path = /usr/bin/sabnzbdplus
2017-07-18 12:41:47,682::INFO::[sabnzbdplus:1172] Platform = posix
2017-07-18 12:41:47,682::INFO::[sabnzbdplus:1173] Python-version = 2.7.12 (default, Nov 19 2016, 06:48:10) 
[GCC 5.4.0 20160609]
2017-07-18 12:41:47,682::INFO::[sabnzbdplus:1174] Arguments = /usr/bin/sabnzbdplus --config-file /config --server 0.0.0.0:8080
2017-07-18 12:41:47,682::INFO::[sabnzbdplus:1179] Preferred encoding = UTF-8
2017-07-18 12:41:47,683::INFO::[sabnzbdplus:1220] Read INI file /config/sabnzbd.ini
2017-07-18 12:41:47,683::INFO::[misc:497] download_dir directory: /config/Downloads/incomplete does not exist, try to create it
2017-07-18 12:41:47,684::INFO::[__init__:989] Loading data for rss_data.sab from /config/admin/rss_data.sab
2017-07-18 12:41:47,684::INFO::[__init__:989] Loading data for totals10.sab from /config/admin/totals10.sab
2017-07-18 12:41:47,684::INFO::[postproc:95] Loading postproc queue
2017-07-18 12:41:47,684::INFO::[__init__:989] Loading data for postproc2.sab from /config/admin/postproc2.sab
2017-07-18 12:41:47,684::INFO::[__init__:989] Loading data for queue10.sab from /config/admin/queue10.sab
2017-07-18 12:41:47,685::INFO::[__init__:989] Loading data for watched_data2.sab from /config/admin/watched_data2.sab
2017-07-18 12:41:47,685::INFO::[__init__:989] Loading data for Rating.sab from /config/admin/Rating.sab
2017-07-18 12:41:47,685::INFO::[__init__:992] /config/admin/Rating.sab missing
2017-07-18 12:41:47,685::INFO::[scheduler:187] Setting schedule for midnight BPS reset
2017-07-18 12:41:47,693::INFO::[__init__:345] All processes started
2017-07-18 12:41:47,694::INFO::[sabnzbdplus:284] Web dir is /usr/share/sabnzbdplus/interfaces/Glitter
2017-07-18 12:41:47,694::INFO::[sabnzbdplus:284] Web dir is /usr/share/sabnzbdplus/interfaces/Config
2017-07-18 12:41:47,719::INFO::[sabnzbdplus:395] SABYenc module (v3.0.2)... found!
2017-07-18 12:41:47,719::INFO::[sabnzbdplus:412] Cryptography module (v1.2.3)... found!
2017-07-18 12:41:47,720::INFO::[sabnzbdplus:417] par2 binary... found (/usr/bin/par2)
2017-07-18 12:41:47,720::INFO::[sabnzbdplus:422] par2cmdline binary... found (/usr/bin/par2)
2017-07-18 12:41:47,720::INFO::[sabnzbdplus:428] UNRAR binary... found (/usr/bin/unrar)
2017-07-18 12:41:47,720::INFO::[sabnzbdplus:441] unzip binary... found (/usr/bin/unzip)
2017-07-18 12:41:47,720::INFO::[sabnzbdplus:446] 7za binary... found (/usr/bin/7za)
2017-07-18 12:41:47,721::INFO::[sabnzbdplus:452] nice binary... found (/usr/bin/nice)
2017-07-18 12:41:47,721::INFO::[sabnzbdplus:456] ionice binary... found (/usr/bin/ionice)
2017-07-18 12:41:47,721::INFO::[sabnzbdplus:1265] SSL version OpenSSL 1.0.2g  1 Mar 2016
2017-07-18 12:41:47,721::INFO::[sabnzbdplus:1266] SSL supported protocols ['TLS v1.2', 'TLS v1.1', 'TLS v1']
2017-07-18 12:41:47,722::INFO::[sabnzbdplus:1377] Starting web-interface on 0.0.0.0:8080
2017-07-18 12:41:47,723::INFO::[_cplogging:219] [18/Jul/2017:12:41:47] ENGINE Bus STARTING
2017-07-18 12:41:47,725::INFO::[_cplogging:219] [18/Jul/2017:12:41:47] ENGINE Started monitor thread '_TimeoutMonitor'.
2017-07-18 12:41:47,860::INFO::[_cplogging:219] [18/Jul/2017:12:41:47] ENGINE Serving on http://0.0.0.0:8080
2017-07-18 12:41:47,860::INFO::[_cplogging:219] [18/Jul/2017:12:41:47] ENGINE Bus STARTED
2017-07-18 12:41:47,861::INFO::[sabnzbdplus:1415] Starting sabnzbdplus-2.1.0
2017-07-18 12:41:47,867::INFO::[dirscanner:316] Dirscanner starting up
2017-07-18 12:41:47,868::INFO::[urlgrabber:72] URLGrabber starting up
2017-07-18 12:41:47,868::INFO::[panic:242] Launching browser with http://127.0.0.1:8080/sabnzbd
2017-07-18 12:41:47,881::INFO::[postproc:176] Completed Download Folder /config/Downloads/complete is not on FAT
2017-07-18 12:53:33,484::WARNING::[__init__:184] Signal 15 caught, saving and exiting...
2017-07-18 12:53:33,485::INFO::[nzbqueue:254] Saving queue
2017-07-18 12:53:33,485::INFO::[__init__:965] Saving data for queue10.sab in /config/admin/queue10.sab
2017-07-18 12:53:33,485::INFO::[__init__:965] Saving data for totals10.sab in /config/admin/totals10.sab
2017-07-18 12:53:33,486::INFO::[__init__:965] Saving data for rss_data.sab in /config/admin/rss_data.sab
2017-07-18 12:53:33,486::INFO::[__init__:965] Saving data for watched_data2.sab in /config/admin/watched_data2.sab
2017-07-18 12:53:33,486::INFO::[postproc:89] Saving postproc queue
2017-07-18 12:53:33,486::INFO::[__init__:965] Saving data for postproc2.sab in /config/admin/postproc2.sab
